{"/Users/pauloo/Desktop/logic-hub/src/App.tsx": {"path":"/Users/pauloo/Desktop/logic-hub/src/App.tsx","statementMap":{"0":{"start":{"line":14,"column":22},"end":{"line":14,"column":null}},"1":{"start":{"line":15,"column":32},"end":{"line":15,"column":null}},"2":{"start":{"line":17,"column":12},"end":{"line":17,"column":null}},"3":{"start":{"line":19,"column":2},"end":{"line":106,"column":null}},"4":{"start":{"line":28,"column":27},"end":{"line":28,"column":null}},"5":{"start":{"line":36,"column":27},"end":{"line":36,"column":null}},"6":{"start":{"line":44,"column":27},"end":{"line":44,"column":null}},"7":{"start":{"line":52,"column":27},"end":{"line":52,"column":null}},"8":{"start":{"line":60,"column":27},"end":{"line":60,"column":null}},"9":{"start":{"line":68,"column":27},"end":{"line":68,"column":null}},"10":{"start":{"line":80,"column":29},"end":{"line":80,"column":null}},"11":{"start":{"line":87,"column":29},"end":{"line":87,"column":null}}},"fnMap":{"0":{"name":"App","decl":{"start":{"line":13,"column":24},"end":{"line":13,"column":30}},"loc":{"start":{"line":13,"column":30},"end":{"line":108,"column":null}},"line":13},"1":{"name":"(anonymous_1)","decl":{"start":{"line":28,"column":21},"end":{"line":28,"column":27}},"loc":{"start":{"line":28,"column":27},"end":{"line":28,"column":null}},"line":28},"2":{"name":"(anonymous_2)","decl":{"start":{"line":36,"column":21},"end":{"line":36,"column":27}},"loc":{"start":{"line":36,"column":27},"end":{"line":36,"column":null}},"line":36},"3":{"name":"(anonymous_3)","decl":{"start":{"line":44,"column":21},"end":{"line":44,"column":27}},"loc":{"start":{"line":44,"column":27},"end":{"line":44,"column":null}},"line":44},"4":{"name":"(anonymous_4)","decl":{"start":{"line":52,"column":21},"end":{"line":52,"column":27}},"loc":{"start":{"line":52,"column":27},"end":{"line":52,"column":null}},"line":52},"5":{"name":"(anonymous_5)","decl":{"start":{"line":60,"column":21},"end":{"line":60,"column":27}},"loc":{"start":{"line":60,"column":27},"end":{"line":60,"column":null}},"line":60},"6":{"name":"(anonymous_6)","decl":{"start":{"line":68,"column":21},"end":{"line":68,"column":27}},"loc":{"start":{"line":68,"column":27},"end":{"line":68,"column":null}},"line":68},"7":{"name":"(anonymous_7)","decl":{"start":{"line":80,"column":23},"end":{"line":80,"column":29}},"loc":{"start":{"line":80,"column":29},"end":{"line":80,"column":null}},"line":80},"8":{"name":"(anonymous_8)","decl":{"start":{"line":87,"column":23},"end":{"line":87,"column":29}},"loc":{"start":{"line":87,"column":29},"end":{"line":87,"column":null}},"line":87}},"branchMap":{"0":{"loc":{"start":{"line":29,"column":128},"end":{"line":29,"column":301}},"type":"cond-expr","locations":[{"start":{"line":29,"column":157},"end":{"line":29,"column":223}},{"start":{"line":29,"column":223},"end":{"line":29,"column":301}}],"line":29},"1":{"loc":{"start":{"line":31,"column":40},"end":{"line":31,"column":104}},"type":"cond-expr","locations":[{"start":{"line":31,"column":69},"end":{"line":31,"column":87}},{"start":{"line":31,"column":87},"end":{"line":31,"column":104}}],"line":31},"2":{"loc":{"start":{"line":37,"column":128},"end":{"line":37,"column":304}},"type":"cond-expr","locations":[{"start":{"line":37,"column":160},"end":{"line":37,"column":226}},{"start":{"line":37,"column":226},"end":{"line":37,"column":304}}],"line":37},"3":{"loc":{"start":{"line":39,"column":39},"end":{"line":39,"column":106}},"type":"cond-expr","locations":[{"start":{"line":39,"column":71},"end":{"line":39,"column":89}},{"start":{"line":39,"column":89},"end":{"line":39,"column":106}}],"line":39},"4":{"loc":{"start":{"line":45,"column":128},"end":{"line":45,"column":302}},"type":"cond-expr","locations":[{"start":{"line":45,"column":158},"end":{"line":45,"column":224}},{"start":{"line":45,"column":224},"end":{"line":45,"column":302}}],"line":45},"5":{"loc":{"start":{"line":47,"column":43},"end":{"line":47,"column":108}},"type":"cond-expr","locations":[{"start":{"line":47,"column":73},"end":{"line":47,"column":91}},{"start":{"line":47,"column":91},"end":{"line":47,"column":108}}],"line":47},"6":{"loc":{"start":{"line":53,"column":128},"end":{"line":53,"column":294}},"type":"cond-expr","locations":[{"start":{"line":53,"column":150},"end":{"line":53,"column":216}},{"start":{"line":53,"column":216},"end":{"line":53,"column":294}}],"line":53},"7":{"loc":{"start":{"line":55,"column":44},"end":{"line":55,"column":101}},"type":"cond-expr","locations":[{"start":{"line":55,"column":66},"end":{"line":55,"column":84}},{"start":{"line":55,"column":84},"end":{"line":55,"column":101}}],"line":55},"8":{"loc":{"start":{"line":61,"column":128},"end":{"line":61,"column":300}},"type":"cond-expr","locations":[{"start":{"line":61,"column":156},"end":{"line":61,"column":222}},{"start":{"line":61,"column":222},"end":{"line":61,"column":300}}],"line":61},"9":{"loc":{"start":{"line":63,"column":48},"end":{"line":63,"column":111}},"type":"cond-expr","locations":[{"start":{"line":63,"column":76},"end":{"line":63,"column":94}},{"start":{"line":63,"column":94},"end":{"line":63,"column":111}}],"line":63},"10":{"loc":{"start":{"line":69,"column":128},"end":{"line":69,"column":303}},"type":"cond-expr","locations":[{"start":{"line":69,"column":159},"end":{"line":69,"column":225}},{"start":{"line":69,"column":225},"end":{"line":69,"column":303}}],"line":69},"11":{"loc":{"start":{"line":71,"column":41},"end":{"line":71,"column":107}},"type":"cond-expr","locations":[{"start":{"line":71,"column":72},"end":{"line":71,"column":90}},{"start":{"line":71,"column":90},"end":{"line":71,"column":107}}],"line":71},"12":{"loc":{"start":{"line":81,"column":64},"end":{"line":81,"column":133}},"type":"cond-expr","locations":[{"start":{"line":81,"column":80},"end":{"line":81,"column":98}},{"start":{"line":81,"column":98},"end":{"line":81,"column":133}}],"line":81},"13":{"loc":{"start":{"line":88,"column":64},"end":{"line":88,"column":133}},"type":"cond-expr","locations":[{"start":{"line":88,"column":80},"end":{"line":88,"column":98}},{"start":{"line":88,"column":98},"end":{"line":88,"column":133}}],"line":88},"14":{"loc":{"start":{"line":98,"column":11},"end":{"line":98,"column":null}},"type":"binary-expr","locations":[{"start":{"line":98,"column":11},"end":{"line":98,"column":41}},{"start":{"line":98,"column":41},"end":{"line":98,"column":null}}],"line":98},"15":{"loc":{"start":{"line":99,"column":11},"end":{"line":99,"column":null}},"type":"binary-expr","locations":[{"start":{"line":99,"column":11},"end":{"line":99,"column":44}},{"start":{"line":99,"column":44},"end":{"line":99,"column":null}}],"line":99},"16":{"loc":{"start":{"line":100,"column":11},"end":{"line":100,"column":null}},"type":"binary-expr","locations":[{"start":{"line":100,"column":11},"end":{"line":100,"column":42}},{"start":{"line":100,"column":42},"end":{"line":100,"column":null}}],"line":100},"17":{"loc":{"start":{"line":101,"column":11},"end":{"line":101,"column":null}},"type":"binary-expr","locations":[{"start":{"line":101,"column":11},"end":{"line":101,"column":34}},{"start":{"line":101,"column":34},"end":{"line":101,"column":null}}],"line":101},"18":{"loc":{"start":{"line":102,"column":11},"end":{"line":102,"column":null}},"type":"binary-expr","locations":[{"start":{"line":102,"column":11},"end":{"line":102,"column":40}},{"start":{"line":102,"column":40},"end":{"line":102,"column":null}}],"line":102},"19":{"loc":{"start":{"line":103,"column":11},"end":{"line":103,"column":null}},"type":"binary-expr","locations":[{"start":{"line":103,"column":11},"end":{"line":103,"column":43}},{"start":{"line":103,"column":43},"end":{"line":103,"column":null}}],"line":103}},"s":{"0":7,"1":7,"2":7,"3":7,"4":1,"5":1,"6":1,"7":1,"8":1,"9":1,"10":0,"11":0},"f":{"0":7,"1":1,"2":1,"3":1,"4":1,"5":1,"6":1,"7":0,"8":0},"b":{"0":[2,5],"1":[2,5],"2":[1,6],"3":[1,6],"4":[1,6],"5":[1,6],"6":[1,6],"7":[1,6],"8":[1,6],"9":[1,6],"10":[1,6],"11":[1,6],"12":[7,0],"13":[0,7],"14":[7,2],"15":[7,1],"16":[7,1],"17":[7,1],"18":[7,1],"19":[7,1]},"meta":{"lastBranch":20,"lastFunction":9,"lastStatement":12,"seen":{"f:13:24:13:30":0,"s:14:22:14:Infinity":0,"s:15:32:15:Infinity":1,"s:17:12:17:Infinity":2,"s:19:2:106:Infinity":3,"f:28:21:28:27":1,"s:28:27:28:Infinity":4,"b:29:157:29:223:29:223:29:301":0,"b:31:69:31:87:31:87:31:104":1,"f:36:21:36:27":2,"s:36:27:36:Infinity":5,"b:37:160:37:226:37:226:37:304":2,"b:39:71:39:89:39:89:39:106":3,"f:44:21:44:27":3,"s:44:27:44:Infinity":6,"b:45:158:45:224:45:224:45:302":4,"b:47:73:47:91:47:91:47:108":5,"f:52:21:52:27":4,"s:52:27:52:Infinity":7,"b:53:150:53:216:53:216:53:294":6,"b:55:66:55:84:55:84:55:101":7,"f:60:21:60:27":5,"s:60:27:60:Infinity":8,"b:61:156:61:222:61:222:61:300":8,"b:63:76:63:94:63:94:63:111":9,"f:68:21:68:27":6,"s:68:27:68:Infinity":9,"b:69:159:69:225:69:225:69:303":10,"b:71:72:71:90:71:90:71:107":11,"f:80:23:80:29":7,"s:80:29:80:Infinity":10,"b:81:80:81:98:81:98:81:133":12,"f:87:23:87:29":8,"s:87:29:87:Infinity":11,"b:88:80:88:98:88:98:88:133":13,"b:98:11:98:41:98:41:98:Infinity":14,"b:99:11:99:44:99:44:99:Infinity":15,"b:100:11:100:42:100:42:100:Infinity":16,"b:101:11:101:34:101:34:101:Infinity":17,"b:102:11:102:40:102:40:102:Infinity":18,"b:103:11:103:43:103:43:103:Infinity":19},"fnNames":{}}}
,"/Users/pauloo/Desktop/logic-hub/src/i18n.ts": {"path":"/Users/pauloo/Desktop/logic-hub/src/i18n.ts","statementMap":{"0":{"start":{"line":3,"column":28},"end":{"line":340,"column":null}}},"fnMap":{},"branchMap":{},"s":{"0":7},"f":{},"b":{},"meta":{"lastBranch":0,"lastFunction":0,"lastStatement":1,"seen":{"s:3:28:340:Infinity":0},"fnNames":{}}}
,"/Users/pauloo/Desktop/logic-hub/src/tableau.ts": {"path":"/Users/pauloo/Desktop/logic-hub/src/tableau.ts","statementMap":{"0":{"start":{"line":11,"column":12},"end":{"line":11,"column":null}},"1":{"start":{"line":12,"column":17},"end":{"line":12,"column":null}},"2":{"start":{"line":13,"column":2},"end":{"line":13,"column":null}},"3":{"start":{"line":13,"column":15},"end":{"line":13,"column":null}},"4":{"start":{"line":16,"column":15},"end":{"line":16,"column":null}},"5":{"start":{"line":17,"column":4},"end":{"line":21,"column":null}},"6":{"start":{"line":18,"column":6},"end":{"line":18,"column":null}},"7":{"start":{"line":19,"column":20},"end":{"line":19,"column":null}},"8":{"start":{"line":20,"column":6},"end":{"line":20,"column":null}},"9":{"start":{"line":22,"column":4},"end":{"line":22,"column":null}},"10":{"start":{"line":26,"column":15},"end":{"line":26,"column":null}},"11":{"start":{"line":27,"column":4},"end":{"line":30,"column":null}},"12":{"start":{"line":28,"column":6},"end":{"line":28,"column":null}},"13":{"start":{"line":29,"column":6},"end":{"line":29,"column":null}},"14":{"start":{"line":31,"column":4},"end":{"line":31,"column":null}},"15":{"start":{"line":35,"column":15},"end":{"line":35,"column":null}},"16":{"start":{"line":36,"column":4},"end":{"line":39,"column":null}},"17":{"start":{"line":37,"column":6},"end":{"line":37,"column":null}},"18":{"start":{"line":38,"column":6},"end":{"line":38,"column":null}},"19":{"start":{"line":40,"column":4},"end":{"line":40,"column":null}},"20":{"start":{"line":44,"column":4},"end":{"line":47,"column":null}},"21":{"start":{"line":45,"column":6},"end":{"line":45,"column":null}},"22":{"start":{"line":46,"column":6},"end":{"line":46,"column":null}},"23":{"start":{"line":48,"column":4},"end":{"line":48,"column":null}},"24":{"start":{"line":52,"column":4},"end":{"line":52,"column":null}},"25":{"start":{"line":52,"column":31},"end":{"line":52,"column":null}},"26":{"start":{"line":53,"column":18},"end":{"line":53,"column":null}},"27":{"start":{"line":54,"column":4},"end":{"line":60,"column":null}},"28":{"start":{"line":55,"column":6},"end":{"line":55,"column":null}},"29":{"start":{"line":56,"column":19},"end":{"line":56,"column":null}},"30":{"start":{"line":57,"column":6},"end":{"line":57,"column":null}},"31":{"start":{"line":57,"column":32},"end":{"line":57,"column":null}},"32":{"start":{"line":58,"column":6},"end":{"line":58,"column":null}},"33":{"start":{"line":59,"column":6},"end":{"line":59,"column":null}},"34":{"start":{"line":61,"column":4},"end":{"line":64,"column":null}},"35":{"start":{"line":62,"column":6},"end":{"line":62,"column":null}},"36":{"start":{"line":63,"column":6},"end":{"line":63,"column":null}},"37":{"start":{"line":65,"column":4},"end":{"line":65,"column":null}},"38":{"start":{"line":68,"column":2},"end":{"line":74,"column":null}},"39":{"start":{"line":69,"column":16},"end":{"line":69,"column":null}},"40":{"start":{"line":70,"column":4},"end":{"line":70,"column":null}},"41":{"start":{"line":70,"column":29},"end":{"line":70,"column":null}},"42":{"start":{"line":71,"column":4},"end":{"line":71,"column":null}},"43":{"start":{"line":73,"column":4},"end":{"line":73,"column":null}},"44":{"start":{"line":78,"column":2},"end":{"line":78,"column":null}},"45":{"start":{"line":78,"column":27},"end":{"line":78,"column":null}},"46":{"start":{"line":79,"column":2},"end":{"line":79,"column":null}},"47":{"start":{"line":79,"column":27},"end":{"line":79,"column":null}},"48":{"start":{"line":80,"column":2},"end":{"line":80,"column":null}},"49":{"start":{"line":80,"column":27},"end":{"line":80,"column":null}},"50":{"start":{"line":81,"column":2},"end":{"line":81,"column":null}},"51":{"start":{"line":81,"column":26},"end":{"line":81,"column":null}},"52":{"start":{"line":82,"column":2},"end":{"line":82,"column":null}},"53":{"start":{"line":82,"column":31},"end":{"line":82,"column":null}},"54":{"start":{"line":83,"column":2},"end":{"line":83,"column":null}},"55":{"start":{"line":86,"column":16},"end":{"line":86,"column":null}},"56":{"start":{"line":87,"column":18},"end":{"line":87,"column":null}},"57":{"start":{"line":100,"column":2},"end":{"line":100,"column":null}},"58":{"start":{"line":101,"column":2},"end":{"line":101,"column":null}},"59":{"start":{"line":103,"column":28},"end":{"line":110,"column":null}},"60":{"start":{"line":113,"column":23},"end":{"line":113,"column":null}},"61":{"start":{"line":113,"column":50},"end":{"line":113,"column":63}},"62":{"start":{"line":115,"column":4},"end":{"line":132,"column":null}},"63":{"start":{"line":116,"column":23},"end":{"line":116,"column":null}},"64":{"start":{"line":117,"column":31},"end":{"line":121,"column":null}},"65":{"start":{"line":118,"column":8},"end":{"line":118,"column":null}},"66":{"start":{"line":118,"column":30},"end":{"line":118,"column":null}},"67":{"start":{"line":119,"column":8},"end":{"line":119,"column":null}},"68":{"start":{"line":119,"column":56},"end":{"line":119,"column":null}},"69":{"start":{"line":120,"column":8},"end":{"line":120,"column":null}},"70":{"start":{"line":123,"column":6},"end":{"line":130,"column":null}},"71":{"start":{"line":124,"column":8},"end":{"line":124,"column":null}},"72":{"start":{"line":126,"column":8},"end":{"line":126,"column":null}},"73":{"start":{"line":127,"column":24},"end":{"line":127,"column":null}},"74":{"start":{"line":127,"column":51},"end":{"line":127,"column":67}},"75":{"start":{"line":127,"column":78},"end":{"line":127,"column":85}},"76":{"start":{"line":128,"column":24},"end":{"line":128,"column":null}},"77":{"start":{"line":128,"column":51},"end":{"line":128,"column":93}},"78":{"start":{"line":128,"column":104},"end":{"line":128,"column":122}},"79":{"start":{"line":129,"column":8},"end":{"line":129,"column":null}},"80":{"start":{"line":131,"column":6},"end":{"line":131,"column":null}},"81":{"start":{"line":134,"column":20},"end":{"line":134,"column":null}},"82":{"start":{"line":135,"column":4},"end":{"line":135,"column":null}},"83":{"start":{"line":135,"column":26},"end":{"line":135,"column":null}},"84":{"start":{"line":137,"column":19},"end":{"line":137,"column":null}},"85":{"start":{"line":138,"column":17},"end":{"line":138,"column":null}},"86":{"start":{"line":138,"column":44},"end":{"line":138,"column":56}},"87":{"start":{"line":140,"column":23},"end":{"line":140,"column":null}},"88":{"start":{"line":142,"column":24},"end":{"line":142,"column":null}},"89":{"start":{"line":144,"column":4},"end":{"line":168,"column":null}},"90":{"start":{"line":145,"column":33},"end":{"line":152,"column":null}},"91":{"start":{"line":153,"column":6},"end":{"line":153,"column":null}},"92":{"start":{"line":154,"column":6},"end":{"line":154,"column":null}},"93":{"start":{"line":156,"column":6},"end":{"line":167,"column":null}},"94":{"start":{"line":157,"column":35},"end":{"line":164,"column":null}},"95":{"start":{"line":165,"column":8},"end":{"line":165,"column":null}},"96":{"start":{"line":166,"column":8},"end":{"line":166,"column":null}},"97":{"start":{"line":171,"column":2},"end":{"line":171,"column":null}},"98":{"start":{"line":172,"column":2},"end":{"line":172,"column":null}},"99":{"start":{"line":176,"column":2},"end":{"line":176,"column":null}},"100":{"start":{"line":180,"column":2},"end":{"line":180,"column":null}},"101":{"start":{"line":180,"column":24},"end":{"line":180,"column":null}},"102":{"start":{"line":181,"column":2},"end":{"line":181,"column":null}},"103":{"start":{"line":181,"column":49},"end":{"line":181,"column":null}},"104":{"start":{"line":182,"column":2},"end":{"line":182,"column":null}},"105":{"start":{"line":182,"column":54},"end":{"line":182,"column":null}},"106":{"start":{"line":183,"column":2},"end":{"line":183,"column":null}},"107":{"start":{"line":183,"column":50},"end":{"line":183,"column":null}},"108":{"start":{"line":184,"column":2},"end":{"line":184,"column":null}},"109":{"start":{"line":188,"column":2},"end":{"line":188,"column":null}},"110":{"start":{"line":188,"column":24},"end":{"line":188,"column":null}},"111":{"start":{"line":189,"column":2},"end":{"line":189,"column":null}},"112":{"start":{"line":189,"column":23},"end":{"line":189,"column":null}},"113":{"start":{"line":190,"column":2},"end":{"line":190,"column":null}},"114":{"start":{"line":190,"column":28},"end":{"line":190,"column":null}},"115":{"start":{"line":192,"column":2},"end":{"line":198,"column":null}},"116":{"start":{"line":193,"column":18},"end":{"line":193,"column":null}},"117":{"start":{"line":194,"column":4},"end":{"line":194,"column":null}},"118":{"start":{"line":194,"column":30},"end":{"line":194,"column":null}},"119":{"start":{"line":195,"column":4},"end":{"line":195,"column":null}},"120":{"start":{"line":195,"column":30},"end":{"line":195,"column":null}},"121":{"start":{"line":196,"column":4},"end":{"line":196,"column":null}},"122":{"start":{"line":196,"column":29},"end":{"line":196,"column":null}},"123":{"start":{"line":197,"column":4},"end":{"line":197,"column":null}},"124":{"start":{"line":197,"column":34},"end":{"line":197,"column":null}},"125":{"start":{"line":199,"column":2},"end":{"line":199,"column":null}},"126":{"start":{"line":203,"column":2},"end":{"line":203,"column":null}},"127":{"start":{"line":203,"column":27},"end":{"line":203,"column":null}},"128":{"start":{"line":204,"column":2},"end":{"line":204,"column":null}},"129":{"start":{"line":204,"column":27},"end":{"line":204,"column":null}},"130":{"start":{"line":205,"column":2},"end":{"line":205,"column":null}},"131":{"start":{"line":205,"column":27},"end":{"line":205,"column":null}},"132":{"start":{"line":206,"column":2},"end":{"line":206,"column":null}},"133":{"start":{"line":206,"column":26},"end":{"line":206,"column":null}},"134":{"start":{"line":207,"column":2},"end":{"line":207,"column":null}},"135":{"start":{"line":207,"column":31},"end":{"line":207,"column":null}},"136":{"start":{"line":208,"column":2},"end":{"line":208,"column":null}},"137":{"start":{"line":212,"column":15},"end":{"line":212,"column":null}},"138":{"start":{"line":214,"column":4},"end":{"line":214,"column":null}},"139":{"start":{"line":214,"column":26},"end":{"line":214,"column":null}},"140":{"start":{"line":215,"column":4},"end":{"line":215,"column":null}},"141":{"start":{"line":215,"column":16},"end":{"line":215,"column":null}},"142":{"start":{"line":216,"column":4},"end":{"line":216,"column":null}},"143":{"start":{"line":216,"column":17},"end":{"line":216,"column":null}},"144":{"start":{"line":218,"column":2},"end":{"line":218,"column":null}},"145":{"start":{"line":219,"column":2},"end":{"line":219,"column":null}},"146":{"start":{"line":223,"column":26},"end":{"line":223,"column":null}},"147":{"start":{"line":225,"column":4},"end":{"line":225,"column":null}},"148":{"start":{"line":225,"column":26},"end":{"line":225,"column":null}},"149":{"start":{"line":226,"column":4},"end":{"line":226,"column":null}},"150":{"start":{"line":226,"column":16},"end":{"line":226,"column":null}},"151":{"start":{"line":227,"column":4},"end":{"line":227,"column":null}},"152":{"start":{"line":227,"column":17},"end":{"line":227,"column":null}},"153":{"start":{"line":229,"column":4},"end":{"line":229,"column":null}},"154":{"start":{"line":231,"column":2},"end":{"line":231,"column":null}},"155":{"start":{"line":234,"column":15},"end":{"line":234,"column":null}},"156":{"start":{"line":235,"column":32},"end":{"line":235,"column":null}},"157":{"start":{"line":236,"column":2},"end":{"line":242,"column":null}},"158":{"start":{"line":237,"column":16},"end":{"line":237,"column":null}},"159":{"start":{"line":238,"column":4},"end":{"line":241,"column":null}},"160":{"start":{"line":239,"column":6},"end":{"line":239,"column":null}},"161":{"start":{"line":240,"column":6},"end":{"line":240,"column":null}},"162":{"start":{"line":243,"column":2},"end":{"line":243,"column":null}},"163":{"start":{"line":247,"column":2},"end":{"line":254,"column":null}}},"fnMap":{"0":{"name":"parseFormula","decl":{"start":{"line":10,"column":16},"end":{"line":10,"column":29}},"loc":{"start":{"line":10,"column":60},"end":{"line":75,"column":null}},"line":10},"1":{"name":"parseImplies","decl":{"start":{"line":15,"column":11},"end":{"line":15,"column":35}},"loc":{"start":{"line":15,"column":35},"end":{"line":23,"column":null}},"line":15},"2":{"name":"parseOr","decl":{"start":{"line":25,"column":11},"end":{"line":25,"column":30}},"loc":{"start":{"line":25,"column":30},"end":{"line":32,"column":null}},"line":25},"3":{"name":"parseAnd","decl":{"start":{"line":34,"column":11},"end":{"line":34,"column":31}},"loc":{"start":{"line":34,"column":31},"end":{"line":41,"column":null}},"line":34},"4":{"name":"parseNot","decl":{"start":{"line":43,"column":11},"end":{"line":43,"column":31}},"loc":{"start":{"line":43,"column":31},"end":{"line":49,"column":null}},"line":43},"5":{"name":"parsePrimary","decl":{"start":{"line":51,"column":11},"end":{"line":51,"column":35}},"loc":{"start":{"line":51,"column":35},"end":{"line":66,"column":null}},"line":51},"6":{"name":"astToString","decl":{"start":{"line":77,"column":16},"end":{"line":77,"column":28}},"loc":{"start":{"line":77,"column":51},"end":{"line":84,"column":null}},"line":77},"7":{"name":"buildTableau","decl":{"start":{"line":99,"column":16},"end":{"line":99,"column":29}},"loc":{"start":{"line":99,"column":88},"end":{"line":173,"column":null}},"line":99},"8":{"name":"expand","decl":{"start":{"line":112,"column":11},"end":{"line":112,"column":18}},"loc":{"start":{"line":112,"column":64},"end":{"line":169,"column":null}},"line":112},"9":{"name":"(anonymous_9)","decl":{"start":{"line":113,"column":45},"end":{"line":113,"column":50}},"loc":{"start":{"line":113,"column":50},"end":{"line":113,"column":63}},"line":113},"10":{"name":"(anonymous_10)","decl":{"start":{"line":117,"column":51},"end":{"line":117,"column":56}},"loc":{"start":{"line":117,"column":56},"end":{"line":121,"column":7}},"line":117},"11":{"name":"(anonymous_11)","decl":{"start":{"line":127,"column":46},"end":{"line":127,"column":51}},"loc":{"start":{"line":127,"column":51},"end":{"line":127,"column":67}},"line":127},"12":{"name":"(anonymous_12)","decl":{"start":{"line":127,"column":73},"end":{"line":127,"column":78}},"loc":{"start":{"line":127,"column":78},"end":{"line":127,"column":85}},"line":127},"13":{"name":"(anonymous_13)","decl":{"start":{"line":128,"column":46},"end":{"line":128,"column":51}},"loc":{"start":{"line":128,"column":51},"end":{"line":128,"column":93}},"line":128},"14":{"name":"(anonymous_14)","decl":{"start":{"line":128,"column":99},"end":{"line":128,"column":104}},"loc":{"start":{"line":128,"column":104},"end":{"line":128,"column":122}},"line":128},"15":{"name":"(anonymous_15)","decl":{"start":{"line":138,"column":39},"end":{"line":138,"column":44}},"loc":{"start":{"line":138,"column":44},"end":{"line":138,"column":56}},"line":138},"16":{"name":"isLiteral","decl":{"start":{"line":175,"column":9},"end":{"line":175,"column":19}},"loc":{"start":{"line":175,"column":40},"end":{"line":177,"column":null}},"line":175},"17":{"name":"isNonBranching","decl":{"start":{"line":179,"column":9},"end":{"line":179,"column":24}},"loc":{"start":{"line":179,"column":45},"end":{"line":185,"column":null}},"line":179},"18":{"name":"applyRule","decl":{"start":{"line":187,"column":9},"end":{"line":187,"column":19}},"loc":{"start":{"line":187,"column":44},"end":{"line":200,"column":null}},"line":187},"19":{"name":"evaluateAST","decl":{"start":{"line":202,"column":16},"end":{"line":202,"column":28}},"loc":{"start":{"line":202,"column":89},"end":{"line":209,"column":null}},"line":202},"20":{"name":"getVariables","decl":{"start":{"line":211,"column":16},"end":{"line":211,"column":29}},"loc":{"start":{"line":211,"column":54},"end":{"line":220,"column":null}},"line":211},"21":{"name":"traverse","decl":{"start":{"line":213,"column":11},"end":{"line":213,"column":20}},"loc":{"start":{"line":213,"column":32},"end":{"line":217,"column":null}},"line":213},"22":{"name":"getSubformulas","decl":{"start":{"line":222,"column":16},"end":{"line":222,"column":31}},"loc":{"start":{"line":222,"column":57},"end":{"line":244,"column":null}},"line":222},"23":{"name":"traverse_2","decl":{"start":{"line":224,"column":11},"end":{"line":224,"column":20}},"loc":{"start":{"line":224,"column":32},"end":{"line":230,"column":null}},"line":224},"24":{"name":"formatLogicString","decl":{"start":{"line":246,"column":16},"end":{"line":246,"column":34}},"loc":{"start":{"line":246,"column":55},"end":{"line":255,"column":null}},"line":246}},"branchMap":{"0":{"loc":{"start":{"line":13,"column":2},"end":{"line":13,"column":null}},"type":"if","locations":[{"start":{"line":13,"column":2},"end":{"line":13,"column":null}},{"start":{},"end":{}}],"line":13},"1":{"loc":{"start":{"line":17,"column":11},"end":{"line":17,"column":58}},"type":"binary-expr","locations":[{"start":{"line":17,"column":11},"end":{"line":17,"column":35}},{"start":{"line":17,"column":35},"end":{"line":17,"column":58}}],"line":17},"2":{"loc":{"start":{"line":27,"column":11},"end":{"line":27,"column":57}},"type":"binary-expr","locations":[{"start":{"line":27,"column":11},"end":{"line":27,"column":35}},{"start":{"line":27,"column":35},"end":{"line":27,"column":57}}],"line":27},"3":{"loc":{"start":{"line":36,"column":11},"end":{"line":36,"column":57}},"type":"binary-expr","locations":[{"start":{"line":36,"column":11},"end":{"line":36,"column":35}},{"start":{"line":36,"column":35},"end":{"line":36,"column":57}}],"line":36},"4":{"loc":{"start":{"line":44,"column":4},"end":{"line":47,"column":null}},"type":"if","locations":[{"start":{"line":44,"column":4},"end":{"line":47,"column":null}},{"start":{},"end":{}}],"line":44},"5":{"loc":{"start":{"line":44,"column":8},"end":{"line":44,"column":80}},"type":"binary-expr","locations":[{"start":{"line":44,"column":8},"end":{"line":44,"column":33}},{"start":{"line":44,"column":33},"end":{"line":44,"column":57}},{"start":{"line":44,"column":57},"end":{"line":44,"column":80}}],"line":44},"6":{"loc":{"start":{"line":52,"column":4},"end":{"line":52,"column":null}},"type":"if","locations":[{"start":{"line":52,"column":4},"end":{"line":52,"column":null}},{"start":{},"end":{}}],"line":52},"7":{"loc":{"start":{"line":54,"column":4},"end":{"line":60,"column":null}},"type":"if","locations":[{"start":{"line":54,"column":4},"end":{"line":60,"column":null}},{"start":{},"end":{}}],"line":54},"8":{"loc":{"start":{"line":57,"column":6},"end":{"line":57,"column":null}},"type":"if","locations":[{"start":{"line":57,"column":6},"end":{"line":57,"column":null}},{"start":{},"end":{}}],"line":57},"9":{"loc":{"start":{"line":61,"column":4},"end":{"line":64,"column":null}},"type":"if","locations":[{"start":{"line":61,"column":4},"end":{"line":64,"column":null}},{"start":{},"end":{}}],"line":61},"10":{"loc":{"start":{"line":70,"column":4},"end":{"line":70,"column":null}},"type":"if","locations":[{"start":{"line":70,"column":4},"end":{"line":70,"column":null}},{"start":{},"end":{}}],"line":70},"11":{"loc":{"start":{"line":78,"column":2},"end":{"line":78,"column":null}},"type":"if","locations":[{"start":{"line":78,"column":2},"end":{"line":78,"column":null}},{"start":{},"end":{}}],"line":78},"12":{"loc":{"start":{"line":79,"column":2},"end":{"line":79,"column":null}},"type":"if","locations":[{"start":{"line":79,"column":2},"end":{"line":79,"column":null}},{"start":{},"end":{}}],"line":79},"13":{"loc":{"start":{"line":80,"column":2},"end":{"line":80,"column":null}},"type":"if","locations":[{"start":{"line":80,"column":2},"end":{"line":80,"column":null}},{"start":{},"end":{}}],"line":80},"14":{"loc":{"start":{"line":81,"column":2},"end":{"line":81,"column":null}},"type":"if","locations":[{"start":{"line":81,"column":2},"end":{"line":81,"column":null}},{"start":{},"end":{}}],"line":81},"15":{"loc":{"start":{"line":82,"column":2},"end":{"line":82,"column":null}},"type":"if","locations":[{"start":{"line":82,"column":2},"end":{"line":82,"column":null}},{"start":{},"end":{}}],"line":82},"16":{"loc":{"start":{"line":115,"column":4},"end":{"line":132,"column":null}},"type":"if","locations":[{"start":{"line":115,"column":4},"end":{"line":132,"column":null}},{"start":{},"end":{}}],"line":115},"17":{"loc":{"start":{"line":118,"column":8},"end":{"line":118,"column":null}},"type":"if","locations":[{"start":{"line":118,"column":8},"end":{"line":118,"column":null}},{"start":{},"end":{}}],"line":118},"18":{"loc":{"start":{"line":118,"column":37},"end":{"line":118,"column":null}},"type":"binary-expr","locations":[{"start":{"line":118,"column":37},"end":{"line":118,"column":72}},{"start":{"line":118,"column":72},"end":{"line":118,"column":null}}],"line":118},"19":{"loc":{"start":{"line":119,"column":8},"end":{"line":119,"column":null}},"type":"if","locations":[{"start":{"line":119,"column":8},"end":{"line":119,"column":null}},{"start":{},"end":{}}],"line":119},"20":{"loc":{"start":{"line":119,"column":12},"end":{"line":119,"column":56}},"type":"binary-expr","locations":[{"start":{"line":119,"column":12},"end":{"line":119,"column":32}},{"start":{"line":119,"column":32},"end":{"line":119,"column":56}}],"line":119},"21":{"loc":{"start":{"line":123,"column":6},"end":{"line":130,"column":null}},"type":"if","locations":[{"start":{"line":123,"column":6},"end":{"line":130,"column":null}},{"start":{"line":125,"column":13},"end":{"line":130,"column":null}}],"line":123},"22":{"loc":{"start":{"line":128,"column":51},"end":{"line":128,"column":93}},"type":"binary-expr","locations":[{"start":{"line":128,"column":51},"end":{"line":128,"column":71}},{"start":{"line":128,"column":71},"end":{"line":128,"column":93}}],"line":128},"23":{"loc":{"start":{"line":135,"column":4},"end":{"line":135,"column":null}},"type":"if","locations":[{"start":{"line":135,"column":4},"end":{"line":135,"column":null}},{"start":{},"end":{}}],"line":135},"24":{"loc":{"start":{"line":144,"column":4},"end":{"line":168,"column":null}},"type":"if","locations":[{"start":{"line":144,"column":4},"end":{"line":168,"column":null}},{"start":{"line":155,"column":11},"end":{"line":168,"column":null}}],"line":144},"25":{"loc":{"start":{"line":176,"column":9},"end":{"line":176,"column":null}},"type":"binary-expr","locations":[{"start":{"line":176,"column":9},"end":{"line":176,"column":30}},{"start":{"line":176,"column":30},"end":{"line":176,"column":50}},{"start":{"line":176,"column":50},"end":{"line":176,"column":null}}],"line":176},"26":{"loc":{"start":{"line":180,"column":2},"end":{"line":180,"column":null}},"type":"if","locations":[{"start":{"line":180,"column":2},"end":{"line":180,"column":null}},{"start":{},"end":{}}],"line":180},"27":{"loc":{"start":{"line":181,"column":2},"end":{"line":181,"column":null}},"type":"if","locations":[{"start":{"line":181,"column":2},"end":{"line":181,"column":null}},{"start":{},"end":{}}],"line":181},"28":{"loc":{"start":{"line":181,"column":6},"end":{"line":181,"column":49}},"type":"binary-expr","locations":[{"start":{"line":181,"column":6},"end":{"line":181,"column":26}},{"start":{"line":181,"column":26},"end":{"line":181,"column":49}}],"line":181},"29":{"loc":{"start":{"line":182,"column":2},"end":{"line":182,"column":null}},"type":"if","locations":[{"start":{"line":182,"column":2},"end":{"line":182,"column":null}},{"start":{},"end":{}}],"line":182},"30":{"loc":{"start":{"line":182,"column":6},"end":{"line":182,"column":54}},"type":"binary-expr","locations":[{"start":{"line":182,"column":6},"end":{"line":182,"column":26}},{"start":{"line":182,"column":26},"end":{"line":182,"column":54}}],"line":182},"31":{"loc":{"start":{"line":183,"column":2},"end":{"line":183,"column":null}},"type":"if","locations":[{"start":{"line":183,"column":2},"end":{"line":183,"column":null}},{"start":{},"end":{}}],"line":183},"32":{"loc":{"start":{"line":183,"column":6},"end":{"line":183,"column":50}},"type":"binary-expr","locations":[{"start":{"line":183,"column":6},"end":{"line":183,"column":26}},{"start":{"line":183,"column":26},"end":{"line":183,"column":50}}],"line":183},"33":{"loc":{"start":{"line":188,"column":2},"end":{"line":188,"column":null}},"type":"if","locations":[{"start":{"line":188,"column":2},"end":{"line":188,"column":null}},{"start":{},"end":{}}],"line":188},"34":{"loc":{"start":{"line":189,"column":2},"end":{"line":189,"column":null}},"type":"if","locations":[{"start":{"line":189,"column":2},"end":{"line":189,"column":null}},{"start":{},"end":{}}],"line":189},"35":{"loc":{"start":{"line":190,"column":2},"end":{"line":190,"column":null}},"type":"if","locations":[{"start":{"line":190,"column":2},"end":{"line":190,"column":null}},{"start":{},"end":{}}],"line":190},"36":{"loc":{"start":{"line":192,"column":2},"end":{"line":198,"column":null}},"type":"if","locations":[{"start":{"line":192,"column":2},"end":{"line":198,"column":null}},{"start":{},"end":{}}],"line":192},"37":{"loc":{"start":{"line":194,"column":4},"end":{"line":194,"column":null}},"type":"if","locations":[{"start":{"line":194,"column":4},"end":{"line":194,"column":null}},{"start":{},"end":{}}],"line":194},"38":{"loc":{"start":{"line":195,"column":4},"end":{"line":195,"column":null}},"type":"if","locations":[{"start":{"line":195,"column":4},"end":{"line":195,"column":null}},{"start":{},"end":{}}],"line":195},"39":{"loc":{"start":{"line":196,"column":4},"end":{"line":196,"column":null}},"type":"if","locations":[{"start":{"line":196,"column":4},"end":{"line":196,"column":null}},{"start":{},"end":{}}],"line":196},"40":{"loc":{"start":{"line":197,"column":4},"end":{"line":197,"column":null}},"type":"if","locations":[{"start":{"line":197,"column":4},"end":{"line":197,"column":null}},{"start":{},"end":{}}],"line":197},"41":{"loc":{"start":{"line":203,"column":2},"end":{"line":203,"column":null}},"type":"if","locations":[{"start":{"line":203,"column":2},"end":{"line":203,"column":null}},{"start":{},"end":{}}],"line":203},"42":{"loc":{"start":{"line":203,"column":34},"end":{"line":203,"column":null}},"type":"binary-expr","locations":[{"start":{"line":203,"column":34},"end":{"line":203,"column":60}},{"start":{"line":203,"column":60},"end":{"line":203,"column":null}}],"line":203},"43":{"loc":{"start":{"line":204,"column":2},"end":{"line":204,"column":null}},"type":"if","locations":[{"start":{"line":204,"column":2},"end":{"line":204,"column":null}},{"start":{},"end":{}}],"line":204},"44":{"loc":{"start":{"line":205,"column":2},"end":{"line":205,"column":null}},"type":"if","locations":[{"start":{"line":205,"column":2},"end":{"line":205,"column":null}},{"start":{},"end":{}}],"line":205},"45":{"loc":{"start":{"line":205,"column":34},"end":{"line":205,"column":null}},"type":"binary-expr","locations":[{"start":{"line":205,"column":34},"end":{"line":205,"column":73}},{"start":{"line":205,"column":73},"end":{"line":205,"column":null}}],"line":205},"46":{"loc":{"start":{"line":206,"column":2},"end":{"line":206,"column":null}},"type":"if","locations":[{"start":{"line":206,"column":2},"end":{"line":206,"column":null}},{"start":{},"end":{}}],"line":206},"47":{"loc":{"start":{"line":206,"column":33},"end":{"line":206,"column":null}},"type":"binary-expr","locations":[{"start":{"line":206,"column":33},"end":{"line":206,"column":72}},{"start":{"line":206,"column":72},"end":{"line":206,"column":null}}],"line":206},"48":{"loc":{"start":{"line":207,"column":2},"end":{"line":207,"column":null}},"type":"if","locations":[{"start":{"line":207,"column":2},"end":{"line":207,"column":null}},{"start":{},"end":{}}],"line":207},"49":{"loc":{"start":{"line":207,"column":38},"end":{"line":207,"column":null}},"type":"binary-expr","locations":[{"start":{"line":207,"column":38},"end":{"line":207,"column":78}},{"start":{"line":207,"column":78},"end":{"line":207,"column":null}}],"line":207},"50":{"loc":{"start":{"line":214,"column":4},"end":{"line":214,"column":null}},"type":"if","locations":[{"start":{"line":214,"column":4},"end":{"line":214,"column":null}},{"start":{},"end":{}}],"line":214},"51":{"loc":{"start":{"line":215,"column":4},"end":{"line":215,"column":null}},"type":"if","locations":[{"start":{"line":215,"column":4},"end":{"line":215,"column":null}},{"start":{},"end":{}}],"line":215},"52":{"loc":{"start":{"line":216,"column":4},"end":{"line":216,"column":null}},"type":"if","locations":[{"start":{"line":216,"column":4},"end":{"line":216,"column":null}},{"start":{},"end":{}}],"line":216},"53":{"loc":{"start":{"line":225,"column":4},"end":{"line":225,"column":null}},"type":"if","locations":[{"start":{"line":225,"column":4},"end":{"line":225,"column":null}},{"start":{},"end":{}}],"line":225},"54":{"loc":{"start":{"line":226,"column":4},"end":{"line":226,"column":null}},"type":"if","locations":[{"start":{"line":226,"column":4},"end":{"line":226,"column":null}},{"start":{},"end":{}}],"line":226},"55":{"loc":{"start":{"line":227,"column":4},"end":{"line":227,"column":null}},"type":"if","locations":[{"start":{"line":227,"column":4},"end":{"line":227,"column":null}},{"start":{},"end":{}}],"line":227},"56":{"loc":{"start":{"line":238,"column":4},"end":{"line":241,"column":null}},"type":"if","locations":[{"start":{"line":238,"column":4},"end":{"line":241,"column":null}},{"start":{},"end":{}}],"line":238}},"s":{"0":41,"1":41,"2":41,"3":1,"4":61,"5":61,"6":9,"7":9,"8":9,"9":57,"10":61,"11":61,"12":8,"13":8,"14":57,"15":69,"16":69,"17":19,"18":19,"19":65,"20":103,"21":15,"22":15,"23":88,"24":88,"25":1,"26":87,"27":87,"28":12,"29":12,"30":12,"31":1,"32":11,"33":11,"34":75,"35":73,"36":73,"37":2,"38":40,"39":40,"40":40,"41":1,"42":35,"43":4,"44":156,"45":105,"46":51,"47":11,"48":40,"49":27,"50":13,"51":3,"52":10,"53":10,"54":0,"55":7,"56":7,"57":12,"58":12,"59":12,"60":27,"61":35,"62":27,"63":15,"64":15,"65":22,"66":15,"67":7,"68":7,"69":0,"70":15,"71":1,"72":14,"73":14,"74":21,"75":14,"76":14,"77":21,"78":7,"79":14,"80":15,"81":12,"82":12,"83":3,"84":12,"85":12,"86":12,"87":12,"88":12,"89":12,"90":9,"91":9,"92":9,"93":3,"94":6,"95":6,"96":6,"97":12,"98":12,"99":35,"100":12,"101":5,"102":7,"103":1,"104":6,"105":2,"106":4,"107":1,"108":3,"109":12,"110":5,"111":7,"112":2,"113":5,"114":0,"115":5,"116":5,"117":5,"118":1,"119":4,"120":1,"121":3,"122":1,"123":2,"124":2,"125":0,"126":62,"127":37,"128":25,"129":2,"130":23,"131":8,"132":15,"133":3,"134":12,"135":12,"136":0,"137":3,"138":11,"139":7,"140":11,"141":4,"142":11,"143":4,"144":3,"145":3,"146":4,"147":18,"148":11,"149":7,"150":7,"151":7,"152":7,"153":7,"154":4,"155":4,"156":4,"157":4,"158":7,"159":7,"160":7,"161":7,"162":4,"163":60},"f":{"0":41,"1":61,"2":61,"3":69,"4":103,"5":88,"6":156,"7":12,"8":27,"9":35,"10":22,"11":21,"12":14,"13":21,"14":7,"15":12,"16":35,"17":12,"18":12,"19":62,"20":3,"21":11,"22":4,"23":18,"24":60},"b":{"0":[1,40],"1":[61,26],"2":[61,29],"3":[69,48],"4":[15,88],"5":[103,102,88],"6":[1,87],"7":[12,75],"8":[1,11],"9":[73,2],"10":[1,39],"11":[105,51],"12":[11,40],"13":[27,13],"14":[3,10],"15":[10,0],"16":[15,12],"17":[15,7],"18":[15,14],"19":[7,0],"20":[7,7],"21":[1,14],"22":[21,7],"23":[3,9],"24":[9,3],"25":[35,20,13],"26":[5,7],"27":[1,6],"28":[7,5],"29":[2,4],"30":[6,4],"31":[1,3],"32":[4,2],"33":[5,7],"34":[2,5],"35":[0,5],"36":[5,0],"37":[1,4],"38":[1,3],"39":[1,2],"40":[2,0],"41":[37,25],"42":[37,20],"43":[2,23],"44":[8,15],"45":[8,5],"46":[3,12],"47":[3,2],"48":[12,0],"49":[12,6],"50":[7,4],"51":[4,7],"52":[4,7],"53":[11,7],"54":[7,0],"55":[7,0],"56":[7,0]},"meta":{"lastBranch":57,"lastFunction":25,"lastStatement":164,"seen":{"f:10:16:10:29":0,"s:11:12:11:Infinity":0,"s:12:17:12:Infinity":1,"b:13:2:13:Infinity:undefined:undefined:undefined:undefined":0,"s:13:2:13:Infinity":2,"s:13:15:13:Infinity":3,"f:15:11:15:35":1,"s:16:15:16:Infinity":4,"s:17:4:21:Infinity":5,"b:17:11:17:35:17:35:17:58":1,"s:18:6:18:Infinity":6,"s:19:20:19:Infinity":7,"s:20:6:20:Infinity":8,"s:22:4:22:Infinity":9,"f:25:11:25:30":2,"s:26:15:26:Infinity":10,"s:27:4:30:Infinity":11,"b:27:11:27:35:27:35:27:57":2,"s:28:6:28:Infinity":12,"s:29:6:29:Infinity":13,"s:31:4:31:Infinity":14,"f:34:11:34:31":3,"s:35:15:35:Infinity":15,"s:36:4:39:Infinity":16,"b:36:11:36:35:36:35:36:57":3,"s:37:6:37:Infinity":17,"s:38:6:38:Infinity":18,"s:40:4:40:Infinity":19,"f:43:11:43:31":4,"b:44:4:47:Infinity:undefined:undefined:undefined:undefined":4,"s:44:4:47:Infinity":20,"b:44:8:44:33:44:33:44:57:44:57:44:80":5,"s:45:6:45:Infinity":21,"s:46:6:46:Infinity":22,"s:48:4:48:Infinity":23,"f:51:11:51:35":5,"b:52:4:52:Infinity:undefined:undefined:undefined:undefined":6,"s:52:4:52:Infinity":24,"s:52:31:52:Infinity":25,"s:53:18:53:Infinity":26,"b:54:4:60:Infinity:undefined:undefined:undefined:undefined":7,"s:54:4:60:Infinity":27,"s:55:6:55:Infinity":28,"s:56:19:56:Infinity":29,"b:57:6:57:Infinity:undefined:undefined:undefined:undefined":8,"s:57:6:57:Infinity":30,"s:57:32:57:Infinity":31,"s:58:6:58:Infinity":32,"s:59:6:59:Infinity":33,"b:61:4:64:Infinity:undefined:undefined:undefined:undefined":9,"s:61:4:64:Infinity":34,"s:62:6:62:Infinity":35,"s:63:6:63:Infinity":36,"s:65:4:65:Infinity":37,"s:68:2:74:Infinity":38,"s:69:16:69:Infinity":39,"b:70:4:70:Infinity:undefined:undefined:undefined:undefined":10,"s:70:4:70:Infinity":40,"s:70:29:70:Infinity":41,"s:71:4:71:Infinity":42,"s:73:4:73:Infinity":43,"f:77:16:77:28":6,"b:78:2:78:Infinity:undefined:undefined:undefined:undefined":11,"s:78:2:78:Infinity":44,"s:78:27:78:Infinity":45,"b:79:2:79:Infinity:undefined:undefined:undefined:undefined":12,"s:79:2:79:Infinity":46,"s:79:27:79:Infinity":47,"b:80:2:80:Infinity:undefined:undefined:undefined:undefined":13,"s:80:2:80:Infinity":48,"s:80:27:80:Infinity":49,"b:81:2:81:Infinity:undefined:undefined:undefined:undefined":14,"s:81:2:81:Infinity":50,"s:81:26:81:Infinity":51,"b:82:2:82:Infinity:undefined:undefined:undefined:undefined":15,"s:82:2:82:Infinity":52,"s:82:31:82:Infinity":53,"s:83:2:83:Infinity":54,"s:86:16:86:Infinity":55,"s:87:18:87:Infinity":56,"f:99:16:99:29":7,"s:100:2:100:Infinity":57,"s:101:2:101:Infinity":58,"s:103:28:110:Infinity":59,"f:112:11:112:18":8,"s:113:23:113:Infinity":60,"f:113:45:113:50":9,"s:113:50:113:63":61,"b:115:4:132:Infinity:undefined:undefined:undefined:undefined":16,"s:115:4:132:Infinity":62,"s:116:23:116:Infinity":63,"s:117:31:121:Infinity":64,"f:117:51:117:56":10,"b:118:8:118:Infinity:undefined:undefined:undefined:undefined":17,"s:118:8:118:Infinity":65,"s:118:30:118:Infinity":66,"b:118:37:118:72:118:72:118:Infinity":18,"b:119:8:119:Infinity:undefined:undefined:undefined:undefined":19,"s:119:8:119:Infinity":67,"b:119:12:119:32:119:32:119:56":20,"s:119:56:119:Infinity":68,"s:120:8:120:Infinity":69,"b:123:6:130:Infinity:125:13:130:Infinity":21,"s:123:6:130:Infinity":70,"s:124:8:124:Infinity":71,"s:126:8:126:Infinity":72,"s:127:24:127:Infinity":73,"f:127:46:127:51":11,"s:127:51:127:67":74,"f:127:73:127:78":12,"s:127:78:127:85":75,"s:128:24:128:Infinity":76,"f:128:46:128:51":13,"s:128:51:128:93":77,"b:128:51:128:71:128:71:128:93":22,"f:128:99:128:104":14,"s:128:104:128:122":78,"s:129:8:129:Infinity":79,"s:131:6:131:Infinity":80,"s:134:20:134:Infinity":81,"b:135:4:135:Infinity:undefined:undefined:undefined:undefined":23,"s:135:4:135:Infinity":82,"s:135:26:135:Infinity":83,"s:137:19:137:Infinity":84,"s:138:17:138:Infinity":85,"f:138:39:138:44":15,"s:138:44:138:56":86,"s:140:23:140:Infinity":87,"s:142:24:142:Infinity":88,"b:144:4:168:Infinity:155:11:168:Infinity":24,"s:144:4:168:Infinity":89,"s:145:33:152:Infinity":90,"s:153:6:153:Infinity":91,"s:154:6:154:Infinity":92,"s:156:6:167:Infinity":93,"s:157:35:164:Infinity":94,"s:165:8:165:Infinity":95,"s:166:8:166:Infinity":96,"s:171:2:171:Infinity":97,"s:172:2:172:Infinity":98,"f:175:9:175:19":16,"s:176:2:176:Infinity":99,"b:176:9:176:30:176:30:176:50:176:50:176:Infinity":25,"f:179:9:179:24":17,"b:180:2:180:Infinity:undefined:undefined:undefined:undefined":26,"s:180:2:180:Infinity":100,"s:180:24:180:Infinity":101,"b:181:2:181:Infinity:undefined:undefined:undefined:undefined":27,"s:181:2:181:Infinity":102,"b:181:6:181:26:181:26:181:49":28,"s:181:49:181:Infinity":103,"b:182:2:182:Infinity:undefined:undefined:undefined:undefined":29,"s:182:2:182:Infinity":104,"b:182:6:182:26:182:26:182:54":30,"s:182:54:182:Infinity":105,"b:183:2:183:Infinity:undefined:undefined:undefined:undefined":31,"s:183:2:183:Infinity":106,"b:183:6:183:26:183:26:183:50":32,"s:183:50:183:Infinity":107,"s:184:2:184:Infinity":108,"f:187:9:187:19":18,"b:188:2:188:Infinity:undefined:undefined:undefined:undefined":33,"s:188:2:188:Infinity":109,"s:188:24:188:Infinity":110,"b:189:2:189:Infinity:undefined:undefined:undefined:undefined":34,"s:189:2:189:Infinity":111,"s:189:23:189:Infinity":112,"b:190:2:190:Infinity:undefined:undefined:undefined:undefined":35,"s:190:2:190:Infinity":113,"s:190:28:190:Infinity":114,"b:192:2:198:Infinity:undefined:undefined:undefined:undefined":36,"s:192:2:198:Infinity":115,"s:193:18:193:Infinity":116,"b:194:4:194:Infinity:undefined:undefined:undefined:undefined":37,"s:194:4:194:Infinity":117,"s:194:30:194:Infinity":118,"b:195:4:195:Infinity:undefined:undefined:undefined:undefined":38,"s:195:4:195:Infinity":119,"s:195:30:195:Infinity":120,"b:196:4:196:Infinity:undefined:undefined:undefined:undefined":39,"s:196:4:196:Infinity":121,"s:196:29:196:Infinity":122,"b:197:4:197:Infinity:undefined:undefined:undefined:undefined":40,"s:197:4:197:Infinity":123,"s:197:34:197:Infinity":124,"s:199:2:199:Infinity":125,"f:202:16:202:28":19,"b:203:2:203:Infinity:undefined:undefined:undefined:undefined":41,"s:203:2:203:Infinity":126,"s:203:27:203:Infinity":127,"b:203:34:203:60:203:60:203:Infinity":42,"b:204:2:204:Infinity:undefined:undefined:undefined:undefined":43,"s:204:2:204:Infinity":128,"s:204:27:204:Infinity":129,"b:205:2:205:Infinity:undefined:undefined:undefined:undefined":44,"s:205:2:205:Infinity":130,"s:205:27:205:Infinity":131,"b:205:34:205:73:205:73:205:Infinity":45,"b:206:2:206:Infinity:undefined:undefined:undefined:undefined":46,"s:206:2:206:Infinity":132,"s:206:26:206:Infinity":133,"b:206:33:206:72:206:72:206:Infinity":47,"b:207:2:207:Infinity:undefined:undefined:undefined:undefined":48,"s:207:2:207:Infinity":134,"s:207:31:207:Infinity":135,"b:207:38:207:78:207:78:207:Infinity":49,"s:208:2:208:Infinity":136,"f:211:16:211:29":20,"s:212:15:212:Infinity":137,"f:213:11:213:20":21,"b:214:4:214:Infinity:undefined:undefined:undefined:undefined":50,"s:214:4:214:Infinity":138,"s:214:26:214:Infinity":139,"b:215:4:215:Infinity:undefined:undefined:undefined:undefined":51,"s:215:4:215:Infinity":140,"s:215:16:215:Infinity":141,"b:216:4:216:Infinity:undefined:undefined:undefined:undefined":52,"s:216:4:216:Infinity":142,"s:216:17:216:Infinity":143,"s:218:2:218:Infinity":144,"s:219:2:219:Infinity":145,"f:222:16:222:31":22,"s:223:26:223:Infinity":146,"f:224:11:224:20":23,"b:225:4:225:Infinity:undefined:undefined:undefined:undefined":53,"s:225:4:225:Infinity":147,"s:225:26:225:Infinity":148,"b:226:4:226:Infinity:undefined:undefined:undefined:undefined":54,"s:226:4:226:Infinity":149,"s:226:16:226:Infinity":150,"b:227:4:227:Infinity:undefined:undefined:undefined:undefined":55,"s:227:4:227:Infinity":151,"s:227:17:227:Infinity":152,"s:229:4:229:Infinity":153,"s:231:2:231:Infinity":154,"s:234:15:234:Infinity":155,"s:235:32:235:Infinity":156,"s:236:2:242:Infinity":157,"s:237:16:237:Infinity":158,"b:238:4:241:Infinity:undefined:undefined:undefined:undefined":56,"s:238:4:241:Infinity":159,"s:239:6:239:Infinity":160,"s:240:6:240:Infinity":161,"s:243:2:243:Infinity":162,"f:246:16:246:34":24,"s:247:2:254:Infinity":163},"fnNames":{}}}
,"/Users/pauloo/Desktop/logic-hub/src/tabs/AristotelianSquare.tsx": {"path":"/Users/pauloo/Desktop/logic-hub/src/tabs/AristotelianSquare.tsx","statementMap":{"0":{"start":{"line":7,"column":64},"end":{"line":222,"column":null}},"1":{"start":{"line":8,"column":12},"end":{"line":8,"column":null}},"2":{"start":{"line":10,"column":26},"end":{"line":12,"column":null}},"3":{"start":{"line":14,"column":34},"end":{"line":14,"column":null}},"4":{"start":{"line":17,"column":24},"end":{"line":17,"column":null}},"5":{"start":{"line":18,"column":38},"end":{"line":18,"column":null}},"6":{"start":{"line":20,"column":40},"end":{"line":20,"column":null}},"7":{"start":{"line":22,"column":26},"end":{"line":60,"column":null}},"8":{"start":{"line":23,"column":24},"end":{"line":23,"column":29}},"9":{"start":{"line":23,"column":45},"end":{"line":23,"column":50}},"10":{"start":{"line":23,"column":66},"end":{"line":23,"column":71}},"11":{"start":{"line":23,"column":87},"end":{"line":23,"column":null}},"12":{"start":{"line":24,"column":78},"end":{"line":24,"column":null}},"13":{"start":{"line":26,"column":4},"end":{"line":57,"column":null}},"14":{"start":{"line":27,"column":6},"end":{"line":27,"column":null}},"15":{"start":{"line":28,"column":6},"end":{"line":28,"column":null}},"16":{"start":{"line":29,"column":6},"end":{"line":29,"column":null}},"17":{"start":{"line":30,"column":4},"end":{"line":57,"column":null}},"18":{"start":{"line":32,"column":6},"end":{"line":32,"column":null}},"19":{"start":{"line":33,"column":4},"end":{"line":57,"column":null}},"20":{"start":{"line":35,"column":6},"end":{"line":35,"column":null}},"21":{"start":{"line":36,"column":6},"end":{"line":36,"column":null}},"22":{"start":{"line":37,"column":6},"end":{"line":37,"column":null}},"23":{"start":{"line":38,"column":4},"end":{"line":57,"column":null}},"24":{"start":{"line":40,"column":6},"end":{"line":40,"column":null}},"25":{"start":{"line":41,"column":4},"end":{"line":57,"column":null}},"26":{"start":{"line":43,"column":6},"end":{"line":43,"column":null}},"27":{"start":{"line":44,"column":4},"end":{"line":57,"column":null}},"28":{"start":{"line":46,"column":6},"end":{"line":46,"column":null}},"29":{"start":{"line":47,"column":6},"end":{"line":47,"column":null}},"30":{"start":{"line":48,"column":6},"end":{"line":48,"column":null}},"31":{"start":{"line":49,"column":4},"end":{"line":57,"column":null}},"32":{"start":{"line":51,"column":6},"end":{"line":51,"column":null}},"33":{"start":{"line":52,"column":4},"end":{"line":57,"column":null}},"34":{"start":{"line":54,"column":6},"end":{"line":54,"column":null}},"35":{"start":{"line":55,"column":6},"end":{"line":55,"column":null}},"36":{"start":{"line":56,"column":6},"end":{"line":56,"column":null}},"37":{"start":{"line":59,"column":4},"end":{"line":59,"column":null}},"38":{"start":{"line":62,"column":24},"end":{"line":76,"column":null}},"39":{"start":{"line":64,"column":4},"end":{"line":64,"column":null}},"40":{"start":{"line":65,"column":4},"end":{"line":65,"column":null}},"41":{"start":{"line":67,"column":25},"end":{"line":67,"column":null}},"42":{"start":{"line":68,"column":4},"end":{"line":74,"column":null}},"43":{"start":{"line":69,"column":6},"end":{"line":69,"column":null}},"44":{"start":{"line":70,"column":6},"end":{"line":70,"column":null}},"45":{"start":{"line":72,"column":6},"end":{"line":72,"column":null}},"46":{"start":{"line":73,"column":6},"end":{"line":73,"column":null}},"47":{"start":{"line":75,"column":4},"end":{"line":75,"column":null}},"48":{"start":{"line":78,"column":28},"end":{"line":98,"column":null}},"49":{"start":{"line":79,"column":4},"end":{"line":79,"column":null}},"50":{"start":{"line":79,"column":23},"end":{"line":79,"column":null}},"51":{"start":{"line":81,"column":4},"end":{"line":97,"column":null}},"52":{"start":{"line":82,"column":6},"end":{"line":82,"column":null}},"53":{"start":{"line":84,"column":6},"end":{"line":84,"column":null}},"54":{"start":{"line":84,"column":25},"end":{"line":84,"column":68}},"55":{"start":{"line":86,"column":6},"end":{"line":94,"column":null}},"56":{"start":{"line":87,"column":8},"end":{"line":87,"column":null}},"57":{"start":{"line":88,"column":8},"end":{"line":93,"column":null}},"58":{"start":{"line":89,"column":10},"end":{"line":89,"column":null}},"59":{"start":{"line":90,"column":10},"end":{"line":90,"column":null}},"60":{"start":{"line":92,"column":10},"end":{"line":92,"column":null}},"61":{"start":{"line":96,"column":6},"end":{"line":96,"column":null}},"62":{"start":{"line":100,"column":23},"end":{"line":104,"column":null}},"63":{"start":{"line":101,"column":4},"end":{"line":101,"column":null}},"64":{"start":{"line":101,"column":21},"end":{"line":101,"column":null}},"65":{"start":{"line":102,"column":4},"end":{"line":102,"column":null}},"66":{"start":{"line":102,"column":21},"end":{"line":102,"column":null}},"67":{"start":{"line":103,"column":4},"end":{"line":103,"column":null}},"68":{"start":{"line":106,"column":29},"end":{"line":128,"column":null}},"69":{"start":{"line":107,"column":4},"end":{"line":128,"column":null}},"70":{"start":{"line":114,"column":25},"end":{"line":114,"column":null}},"71":{"start":{"line":121,"column":25},"end":{"line":121,"column":null}},"72":{"start":{"line":131,"column":2},"end":{"line":220,"column":null}},"73":{"start":{"line":139,"column":25},"end":{"line":139,"column":null}},"74":{"start":{"line":156,"column":35},"end":{"line":156,"column":59}},"75":{"start":{"line":159,"column":35},"end":{"line":159,"column":59}}},"fnMap":{"0":{"name":"(anonymous_0)","decl":{"start":{"line":7,"column":64},"end":{"line":7,"column":65}},"loc":{"start":{"line":7,"column":78},"end":{"line":222,"column":null}},"line":7},"1":{"name":"(anonymous_1)","decl":{"start":{"line":22,"column":26},"end":{"line":22,"column":27}},"loc":{"start":{"line":22,"column":61},"end":{"line":60,"column":null}},"line":22},"2":{"name":"(anonymous_2)","decl":{"start":{"line":62,"column":24},"end":{"line":62,"column":25}},"loc":{"start":{"line":62,"column":59},"end":{"line":76,"column":null}},"line":62},"3":{"name":"(anonymous_3)","decl":{"start":{"line":78,"column":28},"end":{"line":78,"column":29}},"loc":{"start":{"line":78,"column":52},"end":{"line":98,"column":null}},"line":78},"4":{"name":"(anonymous_4)","decl":{"start":{"line":84,"column":16},"end":{"line":84,"column":25}},"loc":{"start":{"line":84,"column":25},"end":{"line":84,"column":68}},"line":84},"5":{"name":"(anonymous_5)","decl":{"start":{"line":86,"column":17},"end":{"line":86,"column":23}},"loc":{"start":{"line":86,"column":23},"end":{"line":94,"column":9}},"line":86},"6":{"name":"(anonymous_6)","decl":{"start":{"line":100,"column":23},"end":{"line":100,"column":24}},"loc":{"start":{"line":100,"column":44},"end":{"line":104,"column":null}},"line":100},"7":{"name":"(anonymous_7)","decl":{"start":{"line":106,"column":29},"end":{"line":106,"column":30}},"loc":{"start":{"line":107,"column":4},"end":{"line":128,"column":null}},"line":107},"8":{"name":"(anonymous_8)","decl":{"start":{"line":114,"column":19},"end":{"line":114,"column":25}},"loc":{"start":{"line":114,"column":25},"end":{"line":114,"column":null}},"line":114},"9":{"name":"(anonymous_9)","decl":{"start":{"line":121,"column":19},"end":{"line":121,"column":25}},"loc":{"start":{"line":121,"column":25},"end":{"line":121,"column":null}},"line":121},"10":{"name":"(anonymous_10)","decl":{"start":{"line":139,"column":19},"end":{"line":139,"column":25}},"loc":{"start":{"line":139,"column":25},"end":{"line":139,"column":null}},"line":139},"11":{"name":"(anonymous_11)","decl":{"start":{"line":156,"column":29},"end":{"line":156,"column":35}},"loc":{"start":{"line":156,"column":35},"end":{"line":156,"column":59}},"line":156},"12":{"name":"(anonymous_12)","decl":{"start":{"line":159,"column":29},"end":{"line":159,"column":35}},"loc":{"start":{"line":159,"column":35},"end":{"line":159,"column":59}},"line":159}},"branchMap":{"0":{"loc":{"start":{"line":26,"column":4},"end":{"line":57,"column":null}},"type":"if","locations":[{"start":{"line":26,"column":4},"end":{"line":57,"column":null}},{"start":{"line":30,"column":4},"end":{"line":57,"column":null}}],"line":26},"1":{"loc":{"start":{"line":26,"column":8},"end":{"line":26,"column":37}},"type":"binary-expr","locations":[{"start":{"line":26,"column":8},"end":{"line":26,"column":24}},{"start":{"line":26,"column":24},"end":{"line":26,"column":37}}],"line":26},"2":{"loc":{"start":{"line":30,"column":4},"end":{"line":57,"column":null}},"type":"if","locations":[{"start":{"line":30,"column":4},"end":{"line":57,"column":null}},{"start":{"line":33,"column":4},"end":{"line":57,"column":null}}],"line":30},"3":{"loc":{"start":{"line":31,"column":13},"end":{"line":31,"column":42}},"type":"binary-expr","locations":[{"start":{"line":31,"column":13},"end":{"line":31,"column":29}},{"start":{"line":31,"column":29},"end":{"line":31,"column":42}}],"line":31},"4":{"loc":{"start":{"line":33,"column":4},"end":{"line":57,"column":null}},"type":"if","locations":[{"start":{"line":33,"column":4},"end":{"line":57,"column":null}},{"start":{"line":38,"column":4},"end":{"line":57,"column":null}}],"line":33},"5":{"loc":{"start":{"line":34,"column":13},"end":{"line":34,"column":42}},"type":"binary-expr","locations":[{"start":{"line":34,"column":13},"end":{"line":34,"column":29}},{"start":{"line":34,"column":29},"end":{"line":34,"column":42}}],"line":34},"6":{"loc":{"start":{"line":38,"column":4},"end":{"line":57,"column":null}},"type":"if","locations":[{"start":{"line":38,"column":4},"end":{"line":57,"column":null}},{"start":{"line":41,"column":4},"end":{"line":57,"column":null}}],"line":38},"7":{"loc":{"start":{"line":39,"column":13},"end":{"line":39,"column":42}},"type":"binary-expr","locations":[{"start":{"line":39,"column":13},"end":{"line":39,"column":29}},{"start":{"line":39,"column":29},"end":{"line":39,"column":42}}],"line":39},"8":{"loc":{"start":{"line":41,"column":4},"end":{"line":57,"column":null}},"type":"if","locations":[{"start":{"line":41,"column":4},"end":{"line":57,"column":null}},{"start":{"line":44,"column":4},"end":{"line":57,"column":null}}],"line":41},"9":{"loc":{"start":{"line":42,"column":13},"end":{"line":42,"column":42}},"type":"binary-expr","locations":[{"start":{"line":42,"column":13},"end":{"line":42,"column":29}},{"start":{"line":42,"column":29},"end":{"line":42,"column":42}}],"line":42},"10":{"loc":{"start":{"line":44,"column":4},"end":{"line":57,"column":null}},"type":"if","locations":[{"start":{"line":44,"column":4},"end":{"line":57,"column":null}},{"start":{"line":49,"column":4},"end":{"line":57,"column":null}}],"line":44},"11":{"loc":{"start":{"line":45,"column":13},"end":{"line":45,"column":42}},"type":"binary-expr","locations":[{"start":{"line":45,"column":13},"end":{"line":45,"column":29}},{"start":{"line":45,"column":29},"end":{"line":45,"column":42}}],"line":45},"12":{"loc":{"start":{"line":49,"column":4},"end":{"line":57,"column":null}},"type":"if","locations":[{"start":{"line":49,"column":4},"end":{"line":57,"column":null}},{"start":{"line":52,"column":4},"end":{"line":57,"column":null}}],"line":49},"13":{"loc":{"start":{"line":50,"column":13},"end":{"line":50,"column":42}},"type":"binary-expr","locations":[{"start":{"line":50,"column":13},"end":{"line":50,"column":29}},{"start":{"line":50,"column":29},"end":{"line":50,"column":42}}],"line":50},"14":{"loc":{"start":{"line":52,"column":4},"end":{"line":57,"column":null}},"type":"if","locations":[{"start":{"line":52,"column":4},"end":{"line":57,"column":null}},{"start":{},"end":{}}],"line":52},"15":{"loc":{"start":{"line":53,"column":13},"end":{"line":53,"column":42}},"type":"binary-expr","locations":[{"start":{"line":53,"column":13},"end":{"line":53,"column":29}},{"start":{"line":53,"column":29},"end":{"line":53,"column":42}}],"line":53},"16":{"loc":{"start":{"line":68,"column":4},"end":{"line":74,"column":null}},"type":"if","locations":[{"start":{"line":68,"column":4},"end":{"line":74,"column":null}},{"start":{"line":71,"column":11},"end":{"line":74,"column":null}}],"line":68},"17":{"loc":{"start":{"line":79,"column":4},"end":{"line":79,"column":null}},"type":"if","locations":[{"start":{"line":79,"column":4},"end":{"line":79,"column":null}},{"start":{},"end":{}}],"line":79},"18":{"loc":{"start":{"line":81,"column":4},"end":{"line":97,"column":null}},"type":"if","locations":[{"start":{"line":81,"column":4},"end":{"line":97,"column":null}},{"start":{"line":95,"column":11},"end":{"line":97,"column":null}}],"line":81},"19":{"loc":{"start":{"line":88,"column":8},"end":{"line":93,"column":null}},"type":"if","locations":[{"start":{"line":88,"column":8},"end":{"line":93,"column":null}},{"start":{"line":91,"column":15},"end":{"line":93,"column":null}}],"line":88},"20":{"loc":{"start":{"line":101,"column":4},"end":{"line":101,"column":null}},"type":"if","locations":[{"start":{"line":101,"column":4},"end":{"line":101,"column":null}},{"start":{},"end":{}}],"line":101},"21":{"loc":{"start":{"line":102,"column":4},"end":{"line":102,"column":null}},"type":"if","locations":[{"start":{"line":102,"column":4},"end":{"line":102,"column":null}},{"start":{},"end":{}}],"line":102},"22":{"loc":{"start":{"line":110,"column":9},"end":{"line":110,"column":null}},"type":"cond-expr","locations":[{"start":{"line":110,"column":31},"end":{"line":110,"column":72}},{"start":{"line":110,"column":72},"end":{"line":110,"column":null}}],"line":110},"23":{"loc":{"start":{"line":110,"column":31},"end":{"line":110,"column":72}},"type":"cond-expr","locations":[{"start":{"line":110,"column":47},"end":{"line":110,"column":56}},{"start":{"line":110,"column":56},"end":{"line":110,"column":72}}],"line":110},"24":{"loc":{"start":{"line":110,"column":72},"end":{"line":110,"column":null}},"type":"cond-expr","locations":[{"start":{"line":110,"column":94},"end":{"line":110,"column":132}},{"start":{"line":110,"column":132},"end":{"line":110,"column":null}}],"line":110},"25":{"loc":{"start":{"line":110,"column":94},"end":{"line":110,"column":132}},"type":"cond-expr","locations":[{"start":{"line":110,"column":110},"end":{"line":110,"column":120}},{"start":{"line":110,"column":120},"end":{"line":110,"column":132}}],"line":110},"26":{"loc":{"start":{"line":110,"column":132},"end":{"line":110,"column":null}},"type":"cond-expr","locations":[{"start":{"line":110,"column":148},"end":{"line":110,"column":160}},{"start":{"line":110,"column":160},"end":{"line":110,"column":null}}],"line":110},"27":{"loc":{"start":{"line":146,"column":7},"end":{"line":168,"column":null}},"type":"binary-expr","locations":[{"start":{"line":146,"column":7},"end":{"line":146,"column":23}},{"start":{"line":146,"column":23},"end":{"line":146,"column":null}},{"start":{"line":147,"column":8},"end":{"line":168,"column":null}}],"line":146},"28":{"loc":{"start":{"line":151,"column":38},"end":{"line":151,"column":140}},"type":"cond-expr","locations":[{"start":{"line":151,"column":64},"end":{"line":151,"column":106}},{"start":{"line":151,"column":106},"end":{"line":151,"column":140}}],"line":151},"29":{"loc":{"start":{"line":151,"column":64},"end":{"line":151,"column":106}},"type":"cond-expr","locations":[{"start":{"line":151,"column":80},"end":{"line":151,"column":89}},{"start":{"line":151,"column":89},"end":{"line":151,"column":106}}],"line":151},"30":{"loc":{"start":{"line":151,"column":106},"end":{"line":151,"column":140}},"type":"cond-expr","locations":[{"start":{"line":151,"column":122},"end":{"line":151,"column":132}},{"start":{"line":151,"column":132},"end":{"line":151,"column":140}}],"line":151},"31":{"loc":{"start":{"line":163,"column":11},"end":{"line":166,"column":null}},"type":"binary-expr","locations":[{"start":{"line":163,"column":11},"end":{"line":163,"column":null}},{"start":{"line":164,"column":12},"end":{"line":166,"column":null}}],"line":163},"32":{"loc":{"start":{"line":164,"column":66},"end":{"line":164,"column":149}},"type":"cond-expr","locations":[{"start":{"line":164,"column":92},"end":{"line":164,"column":124}},{"start":{"line":164,"column":124},"end":{"line":164,"column":149}}],"line":164},"33":{"loc":{"start":{"line":171,"column":7},"end":{"line":174,"column":null}},"type":"binary-expr","locations":[{"start":{"line":171,"column":7},"end":{"line":171,"column":24}},{"start":{"line":171,"column":24},"end":{"line":171,"column":38}},{"start":{"line":171,"column":38},"end":{"line":171,"column":null}},{"start":{"line":172,"column":8},"end":{"line":174,"column":null}}],"line":171}},"s":{"0":2,"1":9,"2":9,"3":9,"4":9,"5":9,"6":9,"7":9,"8":1,"9":1,"10":1,"11":1,"12":1,"13":1,"14":1,"15":1,"16":1,"17":0,"18":0,"19":0,"20":0,"21":0,"22":0,"23":0,"24":0,"25":0,"26":0,"27":0,"28":0,"29":0,"30":0,"31":0,"32":0,"33":0,"34":0,"35":0,"36":0,"37":1,"38":9,"39":1,"40":1,"41":1,"42":1,"43":1,"44":1,"45":0,"46":0,"47":1,"48":9,"49":3,"50":0,"51":3,"52":3,"53":3,"54":3,"55":3,"56":3,"57":3,"58":2,"59":2,"60":1,"61":0,"62":9,"63":36,"64":9,"65":27,"66":10,"67":17,"68":9,"69":36,"70":1,"71":0,"72":9,"73":0,"74":1,"75":2},"f":{"0":9,"1":1,"2":1,"3":3,"4":3,"5":3,"6":36,"7":36,"8":1,"9":0,"10":0,"11":1,"12":2},"b":{"0":[1,0],"1":[1,1],"2":[0,0],"3":[0,0],"4":[0,0],"5":[0,0],"6":[0,0],"7":[0,0],"8":[0,0],"9":[0,0],"10":[0,0],"11":[0,0],"12":[0,0],"13":[0,0],"14":[0,0],"15":[0,0],"16":[1,0],"17":[0,3],"18":[3,0],"19":[2,1],"20":[9,27],"21":[10,17],"22":[9,27],"23":[9,0],"24":[10,17],"25":[10,0],"26":[17,0],"27":[9,6,6],"28":[6,0],"29":[6,0],"30":[0,0],"31":[6,3],"32":[3,0],"33":[9,3,1,1]},"meta":{"lastBranch":34,"lastFunction":13,"lastStatement":76,"seen":{"s:7:64:222:Infinity":0,"f:7:64:7:65":0,"s:8:12:8:Infinity":1,"s:10:26:12:Infinity":2,"s:14:34:14:Infinity":3,"s:17:24:17:Infinity":4,"s:18:38:18:Infinity":5,"s:20:40:20:Infinity":6,"s:22:26:60:Infinity":7,"f:22:26:22:27":1,"s:23:24:23:29":8,"s:23:45:23:50":9,"s:23:66:23:71":10,"s:23:87:23:Infinity":11,"s:24:78:24:Infinity":12,"b:26:4:57:Infinity:30:4:57:Infinity":0,"s:26:4:57:Infinity":13,"b:26:8:26:24:26:24:26:37":1,"s:27:6:27:Infinity":14,"s:28:6:28:Infinity":15,"s:29:6:29:Infinity":16,"b:30:4:57:Infinity:33:4:57:Infinity":2,"s:30:4:57:Infinity":17,"b:31:13:31:29:31:29:31:42":3,"s:32:6:32:Infinity":18,"b:33:4:57:Infinity:38:4:57:Infinity":4,"s:33:4:57:Infinity":19,"b:34:13:34:29:34:29:34:42":5,"s:35:6:35:Infinity":20,"s:36:6:36:Infinity":21,"s:37:6:37:Infinity":22,"b:38:4:57:Infinity:41:4:57:Infinity":6,"s:38:4:57:Infinity":23,"b:39:13:39:29:39:29:39:42":7,"s:40:6:40:Infinity":24,"b:41:4:57:Infinity:44:4:57:Infinity":8,"s:41:4:57:Infinity":25,"b:42:13:42:29:42:29:42:42":9,"s:43:6:43:Infinity":26,"b:44:4:57:Infinity:49:4:57:Infinity":10,"s:44:4:57:Infinity":27,"b:45:13:45:29:45:29:45:42":11,"s:46:6:46:Infinity":28,"s:47:6:47:Infinity":29,"s:48:6:48:Infinity":30,"b:49:4:57:Infinity:52:4:57:Infinity":12,"s:49:4:57:Infinity":31,"b:50:13:50:29:50:29:50:42":13,"s:51:6:51:Infinity":32,"b:52:4:57:Infinity:undefined:undefined:undefined:undefined":14,"s:52:4:57:Infinity":33,"b:53:13:53:29:53:29:53:42":15,"s:54:6:54:Infinity":34,"s:55:6:55:Infinity":35,"s:56:6:56:Infinity":36,"s:59:4:59:Infinity":37,"s:62:24:76:Infinity":38,"f:62:24:62:25":2,"s:64:4:64:Infinity":39,"s:65:4:65:Infinity":40,"s:67:25:67:Infinity":41,"b:68:4:74:Infinity:71:11:74:Infinity":16,"s:68:4:74:Infinity":42,"s:69:6:69:Infinity":43,"s:70:6:70:Infinity":44,"s:72:6:72:Infinity":45,"s:73:6:73:Infinity":46,"s:75:4:75:Infinity":47,"s:78:28:98:Infinity":48,"f:78:28:78:29":3,"b:79:4:79:Infinity:undefined:undefined:undefined:undefined":17,"s:79:4:79:Infinity":49,"s:79:23:79:Infinity":50,"b:81:4:97:Infinity:95:11:97:Infinity":18,"s:81:4:97:Infinity":51,"s:82:6:82:Infinity":52,"s:84:6:84:Infinity":53,"f:84:16:84:25":4,"s:84:25:84:68":54,"s:86:6:94:Infinity":55,"f:86:17:86:23":5,"s:87:8:87:Infinity":56,"b:88:8:93:Infinity:91:15:93:Infinity":19,"s:88:8:93:Infinity":57,"s:89:10:89:Infinity":58,"s:90:10:90:Infinity":59,"s:92:10:92:Infinity":60,"s:96:6:96:Infinity":61,"s:100:23:104:Infinity":62,"f:100:23:100:24":6,"b:101:4:101:Infinity:undefined:undefined:undefined:undefined":20,"s:101:4:101:Infinity":63,"s:101:21:101:Infinity":64,"b:102:4:102:Infinity:undefined:undefined:undefined:undefined":21,"s:102:4:102:Infinity":65,"s:102:21:102:Infinity":66,"s:103:4:103:Infinity":67,"s:106:29:128:Infinity":68,"f:106:29:106:30":7,"s:107:4:128:Infinity":69,"b:110:31:110:72:110:72:110:Infinity":22,"b:110:47:110:56:110:56:110:72":23,"b:110:94:110:132:110:132:110:Infinity":24,"b:110:110:110:120:110:120:110:132":25,"b:110:148:110:160:110:160:110:Infinity":26,"f:114:19:114:25":8,"s:114:25:114:Infinity":70,"f:121:19:121:25":9,"s:121:25:121:Infinity":71,"s:131:2:220:Infinity":72,"f:139:19:139:25":10,"s:139:25:139:Infinity":73,"b:146:7:146:23:146:23:146:Infinity:147:8:168:Infinity":27,"b:151:64:151:106:151:106:151:140":28,"b:151:80:151:89:151:89:151:106":29,"b:151:122:151:132:151:132:151:140":30,"f:156:29:156:35":11,"s:156:35:156:59":74,"f:159:29:159:35":12,"s:159:35:159:59":75,"b:163:11:163:Infinity:164:12:166:Infinity":31,"b:164:92:164:124:164:124:164:149":32,"b:171:7:171:24:171:24:171:38:171:38:171:Infinity:172:8:174:Infinity":33},"fnNames":{}}}
,"/Users/pauloo/Desktop/logic-hub/src/tabs/FirstOrderLogic.tsx": {"path":"/Users/pauloo/Desktop/logic-hub/src/tabs/FirstOrderLogic.tsx","statementMap":{"0":{"start":{"line":8,"column":61},"end":{"line":254,"column":null}},"1":{"start":{"line":9,"column":12},"end":{"line":9,"column":null}},"2":{"start":{"line":10,"column":28},"end":{"line":10,"column":null}},"3":{"start":{"line":11,"column":26},"end":{"line":11,"column":null}},"4":{"start":{"line":13,"column":24},"end":{"line":13,"column":null}},"5":{"start":{"line":14,"column":36},"end":{"line":14,"column":null}},"6":{"start":{"line":15,"column":40},"end":{"line":15,"column":null}},"7":{"start":{"line":16,"column":38},"end":{"line":16,"column":null}},"8":{"start":{"line":18,"column":24},"end":{"line":18,"column":null}},"9":{"start":{"line":19,"column":36},"end":{"line":19,"column":null}},"10":{"start":{"line":21,"column":23},"end":{"line":24,"column":null}},"11":{"start":{"line":22,"column":4},"end":{"line":22,"column":null}},"12":{"start":{"line":23,"column":4},"end":{"line":23,"column":null}},"13":{"start":{"line":26,"column":26},"end":{"line":39,"column":null}},"14":{"start":{"line":28,"column":14},"end":{"line":28,"column":null}},"15":{"start":{"line":29,"column":18},"end":{"line":29,"column":null}},"16":{"start":{"line":30,"column":4},"end":{"line":38,"column":null}},"17":{"start":{"line":31,"column":6},"end":{"line":31,"column":null}},"18":{"start":{"line":32,"column":4},"end":{"line":38,"column":null}},"19":{"start":{"line":33,"column":6},"end":{"line":33,"column":null}},"20":{"start":{"line":34,"column":4},"end":{"line":38,"column":null}},"21":{"start":{"line":35,"column":6},"end":{"line":35,"column":null}},"22":{"start":{"line":37,"column":6},"end":{"line":37,"column":null}},"23":{"start":{"line":41,"column":28},"end":{"line":46,"column":null}},"24":{"start":{"line":42,"column":14},"end":{"line":42,"column":null}},"25":{"start":{"line":43,"column":4},"end":{"line":43,"column":null}},"26":{"start":{"line":43,"column":27},"end":{"line":43,"column":null}},"27":{"start":{"line":44,"column":4},"end":{"line":44,"column":null}},"28":{"start":{"line":44,"column":27},"end":{"line":44,"column":null}},"29":{"start":{"line":45,"column":4},"end":{"line":45,"column":null}},"30":{"start":{"line":48,"column":28},"end":{"line":55,"column":null}},"31":{"start":{"line":49,"column":19},"end":{"line":49,"column":null}},"32":{"start":{"line":50,"column":4},"end":{"line":54,"column":null}},"33":{"start":{"line":51,"column":6},"end":{"line":51,"column":null}},"34":{"start":{"line":53,"column":6},"end":{"line":53,"column":null}},"35":{"start":{"line":57,"column":27},"end":{"line":68,"column":null}},"36":{"start":{"line":58,"column":14},"end":{"line":58,"column":null}},"37":{"start":{"line":59,"column":19},"end":{"line":59,"column":null}},"38":{"start":{"line":60,"column":4},"end":{"line":67,"column":null}},"39":{"start":{"line":61,"column":6},"end":{"line":61,"column":null}},"40":{"start":{"line":62,"column":6},"end":{"line":64,"column":null}},"41":{"start":{"line":63,"column":8},"end":{"line":63,"column":null}},"42":{"start":{"line":66,"column":6},"end":{"line":66,"column":null}},"43":{"start":{"line":70,"column":25},"end":{"line":110,"column":null}},"44":{"start":{"line":71,"column":14},"end":{"line":71,"column":null}},"45":{"start":{"line":72,"column":24},"end":{"line":72,"column":null}},"46":{"start":{"line":73,"column":21},"end":{"line":73,"column":null}},"47":{"start":{"line":75,"column":4},"end":{"line":78,"column":null}},"48":{"start":{"line":77,"column":7},"end":{"line":77,"column":null}},"49":{"start":{"line":80,"column":14},"end":{"line":80,"column":null}},"50":{"start":{"line":81,"column":17},"end":{"line":81,"column":null}},"51":{"start":{"line":83,"column":21},"end":{"line":83,"column":null}},"52":{"start":{"line":83,"column":48},"end":{"line":83,"column":56}},"53":{"start":{"line":83,"column":70},"end":{"line":83,"column":71}},"54":{"start":{"line":84,"column":4},"end":{"line":84,"column":null}},"55":{"start":{"line":84,"column":31},"end":{"line":84,"column":null}},"56":{"start":{"line":86,"column":15},"end":{"line":86,"column":null}},"57":{"start":{"line":87,"column":27},"end":{"line":87,"column":null}},"58":{"start":{"line":89,"column":21},"end":{"line":89,"column":null}},"59":{"start":{"line":91,"column":4},"end":{"line":105,"column":null}},"60":{"start":{"line":91,"column":17},"end":{"line":91,"column":20}},"61":{"start":{"line":92,"column":17},"end":{"line":92,"column":null}},"62":{"start":{"line":93,"column":19},"end":{"line":93,"column":null}},"63":{"start":{"line":95,"column":6},"end":{"line":99,"column":null}},"64":{"start":{"line":96,"column":8},"end":{"line":96,"column":null}},"65":{"start":{"line":98,"column":8},"end":{"line":98,"column":null}},"66":{"start":{"line":101,"column":6},"end":{"line":104,"column":null}},"67":{"start":{"line":107,"column":4},"end":{"line":107,"column":null}},"68":{"start":{"line":108,"column":4},"end":{"line":108,"column":null}},"69":{"start":{"line":109,"column":4},"end":{"line":109,"column":null}},"70":{"start":{"line":112,"column":2},"end":{"line":252,"column":null}},"71":{"start":{"line":126,"column":33},"end":{"line":126,"column":60}},"72":{"start":{"line":126,"column":60},"end":{"line":126,"column":79}},"73":{"start":{"line":137,"column":35},"end":{"line":137,"column":63}},"74":{"start":{"line":137,"column":63},"end":{"line":137,"column":82}},"75":{"start":{"line":157,"column":36},"end":{"line":157,"column":59}},"76":{"start":{"line":158,"column":36},"end":{"line":158,"column":60}},"77":{"start":{"line":165,"column":40},"end":{"line":165,"column":65}},"78":{"start":{"line":176,"column":36},"end":{"line":176,"column":68}},"79":{"start":{"line":177,"column":36},"end":{"line":177,"column":70}},"80":{"start":{"line":183,"column":40},"end":{"line":183,"column":64}},"81":{"start":{"line":194,"column":36},"end":{"line":194,"column":61}},"82":{"start":{"line":195,"column":36},"end":{"line":195,"column":60}},"83":{"start":{"line":211,"column":31},"end":{"line":211,"column":null}},"84":{"start":{"line":211,"column":51},"end":{"line":211,"column":69}},"85":{"start":{"line":218,"column":31},"end":{"line":218,"column":null}},"86":{"start":{"line":218,"column":51},"end":{"line":218,"column":84}},"87":{"start":{"line":225,"column":31},"end":{"line":225,"column":null}},"88":{"start":{"line":236,"column":14},"end":{"line":241,"column":null}}},"fnMap":{"0":{"name":"(anonymous_0)","decl":{"start":{"line":8,"column":61},"end":{"line":8,"column":62}},"loc":{"start":{"line":8,"column":75},"end":{"line":254,"column":null}},"line":8},"1":{"name":"(anonymous_1)","decl":{"start":{"line":21,"column":23},"end":{"line":21,"column":29}},"loc":{"start":{"line":21,"column":29},"end":{"line":24,"column":null}},"line":21},"2":{"name":"(anonymous_2)","decl":{"start":{"line":26,"column":26},"end":{"line":26,"column":27}},"loc":{"start":{"line":26,"column":52},"end":{"line":39,"column":null}},"line":26},"3":{"name":"(anonymous_3)","decl":{"start":{"line":41,"column":28},"end":{"line":41,"column":34}},"loc":{"start":{"line":41,"column":34},"end":{"line":46,"column":null}},"line":41},"4":{"name":"(anonymous_4)","decl":{"start":{"line":48,"column":28},"end":{"line":48,"column":29}},"loc":{"start":{"line":48,"column":48},"end":{"line":55,"column":null}},"line":48},"5":{"name":"(anonymous_5)","decl":{"start":{"line":57,"column":27},"end":{"line":57,"column":28}},"loc":{"start":{"line":57,"column":47},"end":{"line":68,"column":null}},"line":57},"6":{"name":"(anonymous_6)","decl":{"start":{"line":62,"column":17},"end":{"line":62,"column":23}},"loc":{"start":{"line":62,"column":23},"end":{"line":64,"column":9}},"line":62},"7":{"name":"(anonymous_7)","decl":{"start":{"line":70,"column":25},"end":{"line":70,"column":31}},"loc":{"start":{"line":70,"column":31},"end":{"line":110,"column":null}},"line":70},"8":{"name":"(anonymous_8)","decl":{"start":{"line":83,"column":43},"end":{"line":83,"column":48}},"loc":{"start":{"line":83,"column":48},"end":{"line":83,"column":56}},"line":83},"9":{"name":"(anonymous_9)","decl":{"start":{"line":83,"column":65},"end":{"line":83,"column":70}},"loc":{"start":{"line":83,"column":70},"end":{"line":83,"column":71}},"line":83},"10":{"name":"(anonymous_10)","decl":{"start":{"line":126,"column":24},"end":{"line":126,"column":25}},"loc":{"start":{"line":126,"column":31},"end":{"line":126,"column":null}},"line":126},"11":{"name":"(anonymous_11)","decl":{"start":{"line":137,"column":26},"end":{"line":137,"column":27}},"loc":{"start":{"line":137,"column":33},"end":{"line":137,"column":null}},"line":137},"12":{"name":"(anonymous_12)","decl":{"start":{"line":157,"column":30},"end":{"line":157,"column":36}},"loc":{"start":{"line":157,"column":36},"end":{"line":157,"column":59}},"line":157},"13":{"name":"(anonymous_13)","decl":{"start":{"line":158,"column":30},"end":{"line":158,"column":36}},"loc":{"start":{"line":158,"column":36},"end":{"line":158,"column":60}},"line":158},"14":{"name":"(anonymous_14)","decl":{"start":{"line":165,"column":34},"end":{"line":165,"column":40}},"loc":{"start":{"line":165,"column":40},"end":{"line":165,"column":65}},"line":165},"15":{"name":"(anonymous_15)","decl":{"start":{"line":176,"column":30},"end":{"line":176,"column":36}},"loc":{"start":{"line":176,"column":36},"end":{"line":176,"column":68}},"line":176},"16":{"name":"(anonymous_16)","decl":{"start":{"line":177,"column":30},"end":{"line":177,"column":36}},"loc":{"start":{"line":177,"column":36},"end":{"line":177,"column":70}},"line":177},"17":{"name":"(anonymous_17)","decl":{"start":{"line":183,"column":34},"end":{"line":183,"column":40}},"loc":{"start":{"line":183,"column":40},"end":{"line":183,"column":64}},"line":183},"18":{"name":"(anonymous_18)","decl":{"start":{"line":194,"co
[...]
19,"column":26},"end":{"line":219,"column":27}},"loc":{"start":{"line":220,"column":18},"end":{"line":231,"column":null}},"line":220},"24":{"name":"(anonymous_24)","decl":{"start":{"line":221,"column":30},"end":{"line":221,"column":null}},"loc":{"start":{"line":222,"column":22},"end":{"line":224,"column":null}},"line":222},"25":{"name":"(anonymous_25)","decl":{"start":{"line":226,"column":30},"end":{"line":226,"column":31}},"loc":{"start":{"line":227,"column":22},"end":{"line":229,"column":null}},"line":227}},"branchMap":{"0":{"loc":{"start":{"line":33,"column":4},"end":{"line":43,"column":null}},"type":"if","locations":[{"start":{"line":33,"column":4},"end":{"line":43,"column":null}},{"start":{"line":37,"column":4},"end":{"line":43,"column":null}}],"line":33},"1":{"loc":{"start":{"line":33,"column":8},"end":{"line":33,"column":35}},"type":"binary-expr","locations":[{"start":{"line":33,"column":8},"end":{"line":33,"column":23}},{"start":{"line":33,"column":23},"end":{"line":33,"column":35}}],"line":33},"2":{"loc":{"start":{"line":37,"column":4},"end":{"line":43,"column":null}},"type":"if","locations":[{"start":{"line":37,"column":4},"end":{"line":43,"column":null}},{"start":{"line":39,"column":4},"end":{"line":43,"column":null}}],"line":37},"3":{"loc":{"start":{"line":37,"column":15},"end":{"line":37,"column":43}},"type":"binary-expr","locations":[{"start":{"line":37,"column":15},"end":{"line":37,"column":30}},{"start":{"line":37,"column":30},"end":{"line":37,"column":43}}],"line":37},"4":{"loc":{"start":{"line":39,"column":4},"end":{"line":43,"column":null}},"type":"if","locations":[{"start":{"line":39,"column":4},"end":{"line":43,"column":null}},{"start":{"line":41,"column":11},"end":{"line":43,"column":null}}],"line":39},"5":{"loc":{"start":{"line":39,"column":15},"end":{"line":39,"column":44}},"type":"binary-expr","locations":[{"start":{"line":39,"column":15},"end":{"line":39,"column":31}},{"start":{"line":39,"column":31},"end":{"line":39,"column":44}}],"line":39},"6":{"loc":{"start":{"line":50,"column":4},"end":{"line":54,"column":null}},"type":"if","locations":[{"start":{"line":50,"column":4},"end":{"line":54,"column":null}},{"start":{"line":52,"column":11},"end":{"line":54,"column":null}}],"line":50},"7":{"loc":{"start":{"line":58,"column":4},"end":{"line":58,"column":null}},"type":"if","locations":[{"start":{"line":58,"column":4},"end":{"line":58,"column":null}},{"start":{},"end":{}}],"line":58},"8":{"loc":{"start":{"line":84,"column":4},"end":{"line":84,"column":null}},"type":"if","locations":[{"start":{"line":84,"column":4},"end":{"line":84,"column":null}},{"start":{},"end":{}}],"line":84},"9":{"loc":{"start":{"line":84,"column":8},"end":{"line":84,"column":48}},"type":"binary-expr","locations":[{"start":{"line":84,"column":8},"end":{"line":84,"column":29}},{"start":{"line":84,"column":29},"end":{"line":84,"column":48}}],"line":84},"10":{"loc":{"start":{"line":89,"column":4},"end":{"line":89,"column":null}},"type":"if","locations":[{"start":{"line":89,"column":4},"end":{"line":89,"column":null}},{"start":{},"end":{}}],"line":89},"11":{"loc":{"start":{"line":90,"column":4},"end":{"line":90,"column":null}},"type":"if","locations":[{"start":{"line":90,"column":4},"end":{"line":90,"column":null}},{"start":{},"end":{}}],"line":90},"12":{"loc":{"start":{"line":96,"column":4},"end":{"line":103,"column":null}},"type":"if","locations":[{"start":{"line":96,"column":4},"end":{"line":103,"column":null}},{"start":{"line":101,"column":11},"end":{"line":103,"column":null}}],"line":96},"13":{"loc":{"start":{"line":123,"column":30},"end":{"line":123,"column":null}},"type":"binary-expr","locations":[{"start":{"line":123,"column":30},"end":{"line":123,"column":51}},{"start":{"line":123,"column":51},"end":{"line":123,"column":null}}],"line":123},"14":{"loc":{"start":{"line":136,"column":7},"end":{"line":152,"column":null}},"type":"binary-expr","locations":[{"start":{"line":136,"column":7},"end":{"line":136,"column":null}},{"start":{"line":137,"column":8},"end":{"line":152,"column":null}}],"line":136},"15":{"loc":{"start":{"line":144,"column":12},"end":{"line":150,"column":null}},"type":"binary-expr","locations":[{"start":{"line":144,"column":12},"end":{"line":144,"column":null}},{"start":{"line":145,"column":13},"end":{"line":150,"column":null}}],"line":144},"16":{"loc":{"start":{"line":145,"column":51},"end":{"line":145,"column":162}},"type":"cond-expr","locations":[{"start":{"line":145,"column":75},"end":{"line":145,"column":123}},{"start":{"line":145,"column":123},"end":{"line":145,"column":162}}],"line":145},"17":{"loc":{"start":{"line":147,"column":16},"end":{"line":148,"column":null}},"type":"binary-expr","locations":[{"start":{"line":147,"column":16},"end":{"line":147,"column":41}},{"start":{"line":147,"column":41},"end":{"line":147,"column":55}},{"start":{"line":147,"column":55},"end":{"line":147,"column":null}},{"start":{"line":148,"column":17},"end":{"line":148,"column":null}}],"line":147},"18":{"loc":{"start":{"line":148,"column":138},"end":{"line":148,"column":203}},"type":"cond-expr","locations":[{"start":{"line":148,"column":154},"end":{"line":148,"column":174}},{"start":{"line":148,"column":174},"end":{"line":148,"column":203}}],"line":148},"19":{"loc":{"start":{"line":152,"column":8},"end":{"line":171,"column":null}},"type":"binary-expr","locations":[{"start":{"line":156,"column":8},"end":{"line":156,"column":33}},{"start":{"line":156,"column":33},"end":{"line":156,"column":57}},{"start":{"line":156,"column":57},"end":{"line":156,"column":null}},{"start":{"line":157,"column":8},"end":{"line":171,"column":null}}],"line":152},"20":{"loc":{"start":{"line":163,"column":12},"end":{"line":169,"column":null}},"type":"binary-expr","locations":[{"start":{"line":163,"column":12},"end":{"line":163,"column":null}},{"start":{"line":164,"column":13},"end":{"line":169,"column":null}}],"line":163},"21":{"loc":{"start":{"line":164,"column":51},"end":{"line":164,"column":163}},"type":"cond-expr","locations":[{"start":{"line":164,"column":76},"end":{"line":164,"column":124}},{"start":{"line":164,"column":124},"end":{"line":164,"column":163}}],"line":164},"22":{"loc":{"start":{"line":166,"column":16},"end":{"line":167,"column":null}},"type":"binary-expr","locations":[{"start":{"line":166,"column":16},"end":{"line":166,"column":42}},{"start":{"line":166,"column":42},"end":{"line":166,"column":null}},{"start":{"line":167,"column":17},"end":{"line":167,"column":null}}],"line":166},"23":{"loc":{"start":{"line":167,"column":124},"end":{"line":167,"column":174}},"type":"cond-expr","locations":[{"start":{"line":167,"column":140},"end":{"line":167,"column":155}},{"start":{"line":167,"column":155},"end":{"line":167,"column":174}}],"line":167},"24":{"loc":{"start":{"line":171,"column":8},"end":{"line":283,"column":null}},"type":"binary-expr","locations":[{"start":{"line":175,"column":8},"end":{"line":175,"column":32}},{"start":{"line":175,"column":32},"end":{"line":175,"column":53}},{"start":{"line":175,"column":53},"end":{"line":175,"column":null}},{"start":{"line":176,"column":8},"end":{"line":283,"column":null}}],"line":171},"25":{"loc":{"start":{"line":179,"column":13},"end":{"line":192,"column":null}},"type":"binary-expr","locations":[{"start":{"line":179,"column":13},"end":{"line":179,"column":null}},{"start":{"line":180,"column":14},"end":{"line":192,"column":null}}],"line":179},"26":{"loc":{"start":{"line":187,"column":17},"end":{"line":190,"column":null}},"type":"binary-expr","locations":[{"start":{"line":187,"column":17},"end":{"line":187,"column":null}},{"start":{"line":188,"column":18},"end":{"line":190,"column":null}}],"line":187},"27":{"loc":{"start":{"line":188,"column":64},"end":{"line":188,"column":147}},"type":"cond-expr","locations":[{"start":{"line":188,"column":90},"end":{"line":188,"column":122}},{"start":{"line":188,"column":122},"end":{"line":188,"column":147}}],"line":188},"28":{"loc":{"start":{"line":195,"column":13},"end":{"line":202,"column":null}},"type":"binary-expr","locations":[{"start":{"line":195,"column":13},"end":{"line":195,"column":null}},{"start":{"line":196,"column":14},"end":{"line":202,"column":null}}],"line":195},"29":{"loc":{"start":{"line":196,"column":92},"end":{"line":196,"column":292}},"type":"cond-expr","locations":[{"start":{"line":196,"column":124},"end":{"line":196,"column":172}},{"start":{"line":196,"column":172},"end":{"line":196,"column":292}}],"line":196},"30":{"loc":{"start":{"line":196,"column":172},"end":{"line":196,"column":292}},"type":"cond-expr","locations":[{"start":{"line":196,"column":208},"end":{"line":196,"column":250}},{"start":{"line":196,"column":250},"end":{"line":196,"column":292}}],"line":196},"31":{"loc":{"start":{"line":197,"column":18},"end":{"line":197,"column":null}},"type":"cond-expr","locations":[{"start":{"line":197,"column":50},"end":{"line":197,"column":109}},{"start":{"line":197,"column":109},"end":{"line":197,"column":null}}],"line":197},"32":{"loc":{"start":{"line":197,"column":109},"end":{"line":197,"column":null}},"type":"cond-expr","locations":[{"start":{"line":197,"column":145},"end":{"line":197,"column":202}},{"start":{"line":197,"column":202},"end":{"line":197,"column":null}}],"line":197},"33":{"loc":{"start":{"line":199,"column":55},"end":{"line":199,"column":121}},"type":"cond-expr","locations":[{"start":{"line":199,"column":71},"end":{"line":199,"column":98}},{"start":{"line":199,"column":98},"end":{"line":199,"column":121}}],"line":199},"34":{"loc":{"start":{"line":212,"column":95},"end":{"line":212,"column":175}},"type":"cond-expr","locations":[{"start":{"line":212,"column":121},"end":{"line":212,"column":148}},{"start":{"line":212,"column":148},"end":{"line":212,"column":175}}],"line":212},"35":{"loc":{"start":{"line":222,"column":85},"end":{"line":222,"column":127}},"type":"cond-expr","locations":[{"start":{"line":222,"column":94},"end":{"line":222,"column":113}},{"start":{"line":222,"column":113},"end":{"line":222,"column":127}}],"line":222},"36":{"loc":{"start":{"line":223,"column":25},"end":{"line":223,"column":null}},"type":"cond-expr","locations":[{"start":{"line":223,"column":35},"end":{"line":223,"column":64}},{"start":{"line":223,"column":64},"end":{"line":223,"column":null}}],"line":223},"37":{"loc":{"start":{"line":223,"column":35},"end":{"line":223,"column":64}},"type":"cond-expr","locations":[{"start":{"line":223,"column":51},"end":{"line":223,"column":57}},{"start":{"line":223,"column":57},"end":{"line":223,"column":64}}],"line":223},"38":{"loc":{"start":{"line":227,"column":85},"end":{"line":227,"column":156}},"type":"cond-expr","locations":[{"start":{"line":227,"column":111},"end":{"line":227,"column":154}},{"start":{"line":227,"column":154},"end":{"line":227,"column":156}}],"line":227},"39":{"loc":{"start":{"line":227,"column":160},"end":{"line":227,"column":202}},"type":"cond-expr","locations":[{"start":{"line":227,"column":169},"end":{"line":227,"column":188}},{"start":{"line":227,"column":188},"end":{"line":227,"column":202}}],"line":227},"40":{"loc":{"start":{"line":228,"column":25},"end":{"line":228,"column":null}},"type":"cond-expr","locations":[{"start":{"line":228,"column":35},"end":{"line":228,"column":64}},{"start":{"line":228,"column":64},"end":{"line":228,"column":null}}],"line":228},"41":{"loc":{"start":{"line":228,"column":35},"end":{"line":228,"column":64}},"type":"cond-expr","locations":[{"start":{"line":228,"column":51},"end":{"line":228,"column":57}},{"start":{"line":228,"column":57},"end":{"line":228,"column":64}}],"line":228},"42":{"loc":{"start":{"line":237,"column":11},"end":{"line":281,"column":null}},"type":"binary-expr","locations":[{"start":{"line":237,"column":11},"end":{"line":237,"column":null}},{"start":{"line":238,"column":12},"end":{"line":281,"column":null}}],"line":237},"43":{"loc":{"start":{"line":241,"column":17},"end":{"line":241,"column":null}},"type":"cond-expr","locations":[{"start":{"line":241,"column":33},"end":{"line":241,"column":73}},{"start":{"line":241,"column":73},"end":{"line":241,"column":null}}],"line":241},"44":{"loc":{"start":{"line":248,"column":23},"end":{"line":248,"column":null}},"type":"cond-expr","locations":[{"start":{"line":248,"column":39},"end":{"line":248,"column":81}},{"start":{"line":248,"column":81},"end":{"line":248,"column":null}}],"line":248},"45":{"loc":{"start":{"line":250,"column":21},"end":{"line":252,"column":null}},"type":"cond-expr","locations":[{"start":{"line":251,"column":24},"end":{"line":251,"column":null}},{"start":{"line":252,"column":24},"end":{"line":252,"column":null}}],"line":250},"46":{"loc":{"start":{"line":260,"column":23},"end":{"line":260,"column":null}},"type":"cond-expr","locations":[{"start":{"line":260,"column":39},"end":{"line":260,"column":86}},{"start":{"line":260,"column":86},"end":{"line":260,"column":null}}],"line":260},"47":{"loc":{"start":{"line":262,"column":21},"end":{"line":264,"column":null}},"type":"cond-expr","locations":[{"start":{"line":263,"column":24},"end":{"line":263,"column":null}},{"start":{"line":264,"column":24},"end":{"line":264,"column":null}}],"line":262},"48":{"loc":{"start":{"line":272,"column":23},"end":{"line":272,"column":null}},"type":"cond-expr","locations":[{"start":{"line":272,"column":39},"end":{"line":272,"column":68}},{"start":{"line":272,"column":68},"end":{"line":272,"column":null}}],"line":272},"49":{"loc":{"start":{"line":274,"column":21},"end":{"line":276,"column":null}},"type":"cond-expr","locations":[{"start":{"line":275,"column":24},"end":{"line":275,"column":null}},{"start":{"line":276,"column":24},"end":{"line":276,"column":null}}],"line":274}},"s":{"0":2,"1":16,"2":16,"3":16,"4":16,"5":16,"6":16,"7":16,"8":16,"9":16,"10":16,"11":16,"12":16,"13":2,"14":2,"15":2,"16":2,"17":2,"18":16,"19":2,"20":1,"21":1,"22":1,"23":1,"24":0,"25":1,"26":1,"27":0,"28":16,"29":16,"30":1,"31":1,"32":1,"33":0,"34":16,"35":1,"36":0,"37":1,"38":1,"39":1,"40":1,"41":1,"42":1,"43":4,"44":4,"45":8,"46":4,"47":8,"48":4,"49":4,"50":4,"51":4,"52":16,"53":7,"54":0,"55":7,"56":7,"57":7,"58":7,"59":28,"60":7,"61":0,"62":7,"63":0,"64":7,"65":16,"66":2,"67":2,"68":1,"69":1,"70":1,"71":1,"72":16,"73":1,"74":1,"75":0,"76":1,"77":1,"78":1,"79":1,"80":1,"81":0,"82":1,"83":8,"84":8,"85":16,"86":32,"87":32},"f":{"0":16,"1":2,"2":2,"3":1,"4":1,"5":8,"6":8,"7":7,"8":7,"9":28,"10":2,"11":1,"12":1,"13":0,"14":1,"15":1,"16":1,"17":1,"18":1,"19":0,"20":1,"21":8,"22":8,"23":16,"24":32,"25":32},"b":{"0":[1,1],"1":[2,1],"2":[0,1],"3":[1,0],"4":[1,0],"5":[1,1],"6":[1,0],"7":[0,1],"8":[0,7],"9":[7,7],"10":[0,7],"11":[0,7],"12":[1,1],"13":[0,0],"14":[16,11],"15":[11,9],"16":[9,0],"17":[9,9,8,1],"18":[1,0],"19":[16,13,10,7],"20":[7,5],"21":[5,0],"22":[5,5,1],"23":[1,0],"24":[16,13,4,4],"25":[4,3],"26":[3,2],"27":[1,1],"28":[4,1],"29":[0,1],"30":[0,1],"31":[0,1],"32":[0,1],"33":[1,0],"34":[4,4],"35":[16,16],"36":[16,16],"37":[16,0],"38":[16,16],"39":[16,16],"40":[16,16],"41":[16,0],"42":[4,1],"43":[1,0],"44":[1,0],"45":[1,0],"46":[1,0],"47":[1,0],"48":[1,0],"49":[1,0]},"meta":{"lastBranch":50,"lastFunction":26,"lastStatement":88,"seen":{"s:8:56:287:Infinity":0,"f:8:56:8:57":0,"s:9:12:9:Infinity":1,"s:10:24:10:Infinity":2,"s:12:24:12:Infinity":3,"s:13:34:13:Infinity":4,"s:14:20:14:Infinity":5,"s:16:36:16:Infinity":6,"s:17:38:17:Infinity":7,"s:18:40:18:Infinity":8,"s:20:22:20:Infinity":9,"s:21:22:21:Infinity":10,"s:22:22:22:Infinity":11,"s:24:23:30:Infinity":12,"f:24:23:24:29":1,"s:25:10:25:Infinity":13,"s:26:4:26:Infinity":14,"s:27:4:27:Infinity":15,"s:28:4:28:Infinity":16,"s:29:4:29:Infinity":17,"s:32:26:44:Infinity":18,"f:32:26:32:27":2,"b:33:4:43:Infinity:37:4:43:Infinity":0,"s:33:4:43:Infinity":19,"b:33:8:33:23:33:23:33:35":1,"s:34:6:34:Infinity":20,"s:35:12:35:Infinity":21,"s:36:6:36:Infinity":22,"b:37:4:43:Infinity:39:4:43:Infinity":2,"s:37:4:43:Infinity":23,"b:37:15:37:30:37:30:37:43":3,"s:38:6:38:Infinity":24,"b:39:4:43:Infinity:41:11:43:Infinity":4,"s:39:4:43:Infinity":25,"b:39:15:39:31:39:31:39:44":5,"s:40:6:40:Infinity":26,"s:42:6:42:Infinity":27,"s:46:32:46:Infinity":28,"s:48:25:55:Infinity":29,"f:48:25:48:31":3,"s:49:21:49:Infinity":30,"b:50:4:54:Infinity:52:11:54:Infinity":6,"s:50:4:54:Infinity":31,"s:51:6:51:Infinity":32,"s:53:6:53:Infinity":33,"s:57:24:81:Infinity":34,"f:57:24:57:30":4,"b:58:4:58:Infinity:undefined:undefined:undefined:undefined":7,"s:58:4:58:Infinity":35,"s:58:14:58:Infinity":36,"s:59:10:59:Infinity":37,"s:60:27:60:Infinity":38,"s:62:20:62:Infinity":39,"s:63:47:63:Infinity":40,"s:65:4:76:Infinity":41,"s:65:17:65:20":42,"s:66:50:66:Infinity":43,"s:67:6:69:Infinity":44,"f:67:19:67:20":5,"s:68:8:68:Infinity":45,"s:71:6:73:Infinity":46,"f:71:29:71:30":6,"s:72:8:72:Infinity":47,"s:75:6:75:Infinity":48,"s:78:4:78:Infinity":49,"s:79:4:79:Infinity":50,"s:80:4:80:Infinity":51,"s:83:22:92:Infinity":52,"f:83:22:83:28":7,"b:84:4:84:Infinity:undefined:undefined:undefined:undefined":8,"s:84:4:84:Infinity":53,"b:84:8:84:29:84:29:84:48":9,"s:84:48:84:Infinity":54,"s:85:24:85:Infinity":55,"s:86:24:86:Infinity":56,"f:86:35:86:40":8,"s:86:40:86:63":57,"s:87:28:87:Infinity":58,"f:87:39:87:44":9,"s:87:44:87:68":59,"b:89:4:89:Infinity:undefined:undefined:undefined:undefined":10,"s:89:4:89:Infinity":60,"s:89:21:89:Infinity":61,"b:90:4:90:Infinity:undefined:undefined:undefined:undefined":11,"s:90:4:90:Infinity":62,"s:90:25:90:Infinity":63,"s:91:4:91:Infinity":64,"s:94:25:104:Infinity":65,"f:94:25:94:26":10,"s:95:19:95:Infinity":66,"b:96:4:103:Infinity:101:11:103:Infinity":12,"s:96:4:103:Infinity":67,"s:97:6:97:Infinity":68,"s:98:6:100:Infinity":69,"f:98:17:98:23":11,"s:99:8:99:Infinity":70,"s:102:6:102:Infinity":71,"s:106:2:285:Infinity":72,"f:120:22:120:23":12,"s:120:31:120:57":73,"s:120:57:120:76":74,"f:123:23:123:24":13,"s:123:30:123:Infinity":75,"b:123:30:123:51:123:51:123:Infinity":13,"b:136:7:136:Infinity:137:8:152:Infinity":14,"f:140:30:140:36":14,"s:140:36:140:59":76,"f:141:30:141:36":15,"s:141:36:141:60":77,"b:144:12:144:Infinity:145:13:150:Infinity":15,"b:145:75:145:123:145:123:145:162":16,"b:147:16:147:41:147:41:147:55:147:55:147:Infinity:148:17:148:Infinity":17,"f:148:34:148:40":16,"s:148:40:148:63":78,"b:148:154:148:174:148:174:148:203":18,"b:156:8:156:33:156:33:156:57:156:57:156:Infinity:157:8:171:Infinity":19,"f:160:62:160:67":17,"s:160:67:160:97":79,"b:163:12:163:Infinity:164:13:169:Infinity":20,"b:164:76:164:124:164:124:164:163":21,"b:166:16:166:42:166:42:166:Infinity:167:17:167:Infinity":22,"b:167:140:167:155:167:155:167:174":23,"b:175:8:175:32:175:32:175:53:175:53:175:Infinity:176:8:283:Infinity":24,"b:179:13:179:Infinity:180:14:192:Infinity":25,"f:183:35:183:41":18,"s:183:41:183:70":80,"f:184:35:184:41":19,"s:184:41:184:74":81,"f:185:35:185:41":20,"s:185:41:185:72":82,"b:187:17:187:Infinity:188:18:190:Infinity":26,"b:188:90:188:122:188:122:188:147":27,"b:195:13:195:Infinity:196:14:202:Infinity":28,"b:196:124:196:172:196:172:196:292":29,"b:196:208:196:250:196:250:196:292":30,"b:197:50:197:109:197:109:197:Infinity":31,"b:197:145:197:202:197:202:197:Infinity":32,"b:199:71:199:98:199:98:199:121":33,"f:208:28:208:Infinity":21,"s:209:20:209:Infinity":83,"f:211:28:211:29":22,"s:212:20:214:Infinity":84,"b:212:121:212:148:212:148:212:175":34,"f:219:26:219:27":23,"s:220:18:231:Infinity":85,"f:221:30:221:Infinity":24,"s:222:22:224:Infinity":86,"b:222:94:222:113:222:113:222:127":35,"b:223:35:223:64:223:64:223:Infinity":36,"b:223:51:223:57:223:57:223:64":37,"f:226:30:226:31":25,"s:227:22:229:Infinity":87,"b:227:111:227:154:227:154:227:156":38,"b:227:169:227:188:227:188:227:202":39,"b:228:35:228:64:228:64:228:Infinity":40,"b:228:51:228:57:228:57:228:64":41,"b:237:11:237:Infinity:238:12:281:Infinity":42,"b:241:33:241:73:241:73:241:Infinity":43,"b:248:39:248:81:248:81:248:Infinity":44,"b:251:24:251:Infinity:252:24:252:Infinity":45,"b:260:39:260:86:260:86:260:Infinity":46,"b:263:24:263:Infinity:264:24:264:Infinity":47,"b:272:39:272:68:272:68:272:Infinity":48,"b:275:24:275:Infinity:276:24:276:Infinity":49},"fnNames":{}}}
}
